{"contracts\\TBDToken.sol":{"l":{"16":630,"20":0,"45":57,"52":666,"59":535,"60":535,"71":0,"79":0,"80":0,"88":57,"89":57,"90":57,"241":57,"242":57,"249":0,"257":0,"274":0,"281":12,"288":18,"300":3,"301":3,"308":0,"319":9,"320":9,"341":13,"343":13,"344":13,"345":13,"349":12,"365":0,"366":0,"384":0,"385":0,"386":0,"390":0,"412":16,"413":16,"415":16,"417":16,"418":16,"419":16,"422":16,"424":16,"426":16,"439":57,"441":57,"443":57,"444":57,"445":57,"447":57,"462":0,"464":0,"466":0,"467":0,"468":0,"471":0,"473":0,"475":0,"496":22,"497":22,"499":22,"500":21,"559":0,"572":0,"584":0,"601":0,"613":0,"630":0,"644":0,"658":0,"672":0,"688":0,"709":0,"732":0,"758":0,"1056":57,"1058":57,"1059":57,"1061":57,"1063":57,"1064":57,"1066":57,"1067":57,"1068":57,"1070":57,"1071":57,"1072":57,"1074":57,"1076":57,"1077":57,"1078":57,"1080":57,"1081":57,"1082":57,"1083":57,"1085":57,"1086":57,"1087":57,"1088":57,"1090":57,"1091":57,"1094":57,"1095":57,"1096":57,"1098":57,"1099":57,"1100":57,"1106":57,"1113":0,"1114":0,"1115":0,"1120":12,"1121":10,"1126":12,"1127":10,"1136":3,"1140":3,"1144":3,"1145":3,"1149":3,"1153":3,"1157":3,"1161":3,"1168":288,"1173":13,"1181":3,"1182":3,"1183":3,"1184":3,"1185":3,"1193":3,"1194":3,"1195":3,"1196":3,"1197":3,"1201":174,"1202":174,"1209":3,"1214":3,"1218":60,"1220":60,"1227":3,"1228":3,"1232":3,"1233":3,"1237":1,"1247":16,"1248":16,"1250":16,"1251":0,"1252":0,"1255":16,"1256":16,"1262":0,"1263":0,"1270":0,"1271":0,"1276":0,"1281":0,"1286":0,"1290":0,"1294":0,"1304":0,"1309":0,"1317":16,"1319":16,"1321":16,"1329":0,"1331":0,"1333":0,"1336":16,"1343":0,"1346":16,"1349":16,"1350":16,"1353":16,"1355":16,"1357":0,"1358":0,"1359":0,"1360":0,"1361":0,"1365":0,"1366":0,"1367":0,"1368":0,"1371":0,"1372":0,"1375":0,"1378":16,"1383":0,"1384":0,"1385":0,"1387":0,"1390":0,"1401":0,"1404":0,"1415":0,"1416":0,"1419":0,"1421":0,"1422":0,"1425":0,"1426":0,"1430":0,"1433":0,"1435":0,"1437":0,"1439":0,"1441":0,"1444":0,"1446":0,"1448":0,"1449":0,"1450":0,"1452":0,"1454":0,"1455":0,"1456":0,"1463":0,"1473":12,"1477":12,"1481":12,"1482":12,"1483":12,"1488":0,"1491":0,"1494":0,"1499":0,"1500":0,"1504":0,"1505":0,"1506":0,"1507":0,"1515":0,"1519":0,"1520":0,"1523":0,"1526":0,"1529":0,"1530":0,"1534":0,"1535":0,"1536":0,"1537":0},"path":"C:\\Users\\Samue\\OneDrive\\studiocode\\delfyproject\\NFTs\\TBD-Token\\contracts\\TBDToken.sol","s":{"1":630,"2":0,"3":57,"4":666,"5":535,"6":0,"7":0,"8":0,"9":57,"10":57,"11":57,"12":57,"13":57,"14":0,"15":0,"16":0,"17":12,"18":18,"19":3,"20":3,"21":0,"22":9,"23":9,"24":13,"25":13,"26":13,"27":12,"28":0,"29":0,"30":0,"31":0,"32":0,"33":16,"34":16,"35":16,"36":16,"37":16,"38":16,"39":16,"40":16,"41":57,"42":57,"43":57,"44":57,"45":57,"46":57,"47":0,"48":0,"49":0,"50":0,"51":0,"52":0,"53":0,"54":22,"55":22,"56":22,"57":21,"58":0,"59":0,"60":0,"61":0,"62":0,"63":57,"64":57,"65":57,"66":57,"67":57,"68":57,"69":57,"70":57,"71":57,"72":57,"73":57,"74":57,"75":57,"76":57,"77":57,"78":57,"79":57,"80":57,"81":57,"82":57,"83":57,"84":57,"85":57,"86":57,"87":57,"88":57,"89":57,"90":57,"91":57,"92":57,"93":57,"94":57,"95":57,"96":0,"97":0,"98":0,"99":12,"100":10,"101":12,"102":10,"103":3,"104":3,"105":3,"106":3,"107":3,"108":3,"109":3,"110":3,"111":288,"112":13,"113":3,"114":3,"115":3,"116":3,"117":3,"118":3,"119":3,"120":3,"121":3,"122":3,"123":174,"124":174,"125":3,"126":3,"127":60,"128":60,"129":3,"130":3,"131":3,"132":3,"133":1,"134":16,"135":16,"136":16,"137":0,"138":0,"139":16,"140":16,"141":0,"142":0,"143":0,"144":0,"145":0,"146":0,"147":0,"148":0,"149":0,"150":0,"151":0,"152":0,"153":0,"154":16,"155":16,"156":16,"157":0,"158":0,"159":0,"160":16,"161":0,"162":16,"163":16,"164":16,"165":16,"166":16,"167":0,"168":0,"169":0,"170":0,"171":0,"172":0,"173":0,"174":0,"175":0,"176":0,"177":0,"178":0,"179":0,"180":16,"181":0,"182":0,"183":0,"184":0,"185":0,"186":0,"187":0,"188":0,"189":0,"190":0,"191":0,"192":0,"193":0,"194":0,"195":0,"196":0,"197":0,"198":0,"199":0,"200":0,"201":0,"202":0,"203":0,"204":0,"205":0,"206":0,"207":0,"208":0,"209":0,"210":0,"211":12,"212":12,"213":12,"214":12,"215":12,"216":0,"217":0,"218":0,"219":0,"220":0,"221":0,"222":0,"223":0,"224":0,"225":0,"226":0,"227":0,"228":0,"229":0,"230":0,"231":0,"232":0,"233":0,"234":0,"235":0},"b":{"1":[535,0],"2":[0,0],"3":[13,0],"4":[0,0],"5":[16,0],"6":[16,0],"7":[16,0],"8":[57,0],"9":[0,0],"10":[0,0],"11":[22,0],"12":[22,0],"13":[3,0],"14":[3,0],"15":[3,0],"16":[3,0],"17":[3,0],"18":[3,0],"19":[3,0],"20":[16,0],"21":[16,0],"22":[0,16],"23":[16,0],"24":[0,16],"25":[0,0],"26":[0,0],"27":[0,0],"28":[0,0],"29":[0,0],"30":[0,0],"31":[0,0],"32":[0,0],"33":[0,0],"34":[0,0],"35":[0,0],"36":[0,0],"37":[0,16],"38":[0,16],"39":[16,0],"40":[0,16],"41":[0,0],"42":[0,0],"43":[0,0],"44":[0,0],"45":[0,0],"46":[0,0],"47":[12,0],"48":[12,0],"49":[0,0],"50":[0,0],"51":[0,0],"52":[0,0]},"f":{"1":630,"2":0,"3":57,"4":666,"5":535,"6":0,"7":0,"8":57,"9":57,"10":0,"11":0,"12":0,"13":12,"14":18,"15":3,"16":0,"17":9,"18":13,"19":0,"20":0,"21":16,"22":57,"23":0,"24":22,"25":73,"26":73,"27":0,"28":0,"29":0,"30":0,"31":0,"32":0,"33":0,"34":0,"35":0,"36":0,"37":0,"38":0,"39":0,"40":57,"41":0,"42":12,"43":12,"44":3,"45":3,"46":3,"47":288,"48":13,"49":3,"50":3,"51":174,"52":3,"53":60,"54":3,"55":3,"56":1,"57":16,"58":0,"59":0,"60":0,"61":12,"62":0,"63":0},"fnMap":{"1":{"name":"_msgSender","line":15,"loc":{"start":{"line":15,"column":4},"end":{"line":17,"column":4}}},"2":{"name":"_msgData","line":19,"loc":{"start":{"line":19,"column":4},"end":{"line":21,"column":4}}},"3":{"name":"constructor","line":44,"loc":{"start":{"line":44,"column":4},"end":{"line":46,"column":4}}},"4":{"name":"owner","line":51,"loc":{"start":{"line":51,"column":4},"end":{"line":53,"column":4}}},"5":{"name":"onlyOwner","line":58,"loc":{"start":{"line":58,"column":4},"end":{"line":61,"column":4}}},"6":{"name":"renounceOwnership","line":70,"loc":{"start":{"line":70,"column":4},"end":{"line":72,"column":4}}},"7":{"name":"transferOwnership","line":78,"loc":{"start":{"line":78,"column":4},"end":{"line":81,"column":4}}},"8":{"name":"_transferOwnership","line":87,"loc":{"start":{"line":87,"column":4},"end":{"line":91,"column":4}}},"9":{"name":"constructor","line":240,"loc":{"start":{"line":240,"column":4},"end":{"line":243,"column":4}}},"10":{"name":"name","line":248,"loc":{"start":{"line":248,"column":4},"end":{"line":250,"column":4}}},"11":{"name":"symbol","line":256,"loc":{"start":{"line":256,"column":4},"end":{"line":258,"column":4}}},"12":{"name":"decimals","line":273,"loc":{"start":{"line":273,"column":4},"end":{"line":275,"column":4}}},"13":{"name":"totalSupply","line":280,"loc":{"start":{"line":280,"column":4},"end":{"line":282,"column":4}}},"14":{"name":"balanceOf","line":287,"loc":{"start":{"line":287,"column":4},"end":{"line":289,"column":4}}},"15":{"name":"transfer","line":299,"loc":{"start":{"line":299,"column":4},"end":{"line":302,"column":4}}},"16":{"name":"allowance","line":307,"loc":{"start":{"line":307,"column":4},"end":{"line":309,"column":4}}},"17":{"name":"approve","line":318,"loc":{"start":{"line":318,"column":4},"end":{"line":321,"column":4}}},"18":{"name":"transferFrom","line":336,"loc":{"start":{"line":336,"column":4},"end":{"line":350,"column":4}}},"19":{"name":"increaseAllowance","line":364,"loc":{"start":{"line":364,"column":4},"end":{"line":367,"column":4}}},"20":{"name":"decreaseAllowance","line":383,"loc":{"start":{"line":383,"column":4},"end":{"line":391,"column":4}}},"21":{"name":"_transfer","line":407,"loc":{"start":{"line":407,"column":4},"end":{"line":427,"column":4}}},"22":{"name":"_mint","line":438,"loc":{"start":{"line":438,"column":4},"end":{"line":448,"column":4}}},"23":{"name":"_burn","line":461,"loc":{"start":{"line":461,"column":4},"end":{"line":476,"column":4}}},"24":{"name":"_approve","line":491,"loc":{"start":{"line":491,"column":4},"end":{"line":501,"column":4}}},"25":{"name":"_beforeTokenTransfer","line":517,"loc":{"start":{"line":517,"column":4},"end":{"line":521,"column":24}}},"26":{"name":"_afterTokenTransfer","line":537,"loc":{"start":{"line":537,"column":4},"end":{"line":541,"column":24}}},"27":{"name":"tryAdd","line":558,"loc":{"start":{"line":558,"column":4},"end":{"line":564,"column":4}}},"28":{"name":"trySub","line":571,"loc":{"start":{"line":571,"column":4},"end":{"line":576,"column":4}}},"29":{"name":"tryMul","line":583,"loc":{"start":{"line":583,"column":4},"end":{"line":593,"column":4}}},"30":{"name":"tryDiv","line":600,"loc":{"start":{"line":600,"column":4},"end":{"line":605,"column":4}}},"31":{"name":"tryMod","line":612,"loc":{"start":{"line":612,"column":4},"end":{"line":617,"column":4}}},"32":{"name":"add","line":629,"loc":{"start":{"line":629,"column":4},"end":{"line":631,"column":4}}},"33":{"name":"sub","line":643,"loc":{"start":{"line":643,"column":4},"end":{"line":645,"column":4}}},"34":{"name":"mul","line":657,"loc":{"start":{"line":657,"column":4},"end":{"line":659,"column":4}}},"35":{"name":"div","line":671,"loc":{"start":{"line":671,"column":4},"end":{"line":673,"column":4}}},"36":{"name":"mod","line":687,"loc":{"start":{"line":687,"column":4},"end":{"line":689,"column":4}}},"37":{"name":"sub","line":704,"loc":{"start":{"line":704,"column":4},"end":{"line":713,"column":4}}},"38":{"name":"div","line":727,"loc":{"start":{"line":727,"column":4},"end":{"line":736,"column":4}}},"39":{"name":"mod","line":753,"loc":{"start":{"line":753,"column":4},"end":{"line":762,"column":4}}},"40":{"name":"constructor","line":1055,"loc":{"start":{"line":1055,"column":4},"end":{"line":1107,"column":4}}},"41":{"name":"enableTrading","line":1112,"loc":{"start":{"line":1112,"column":4},"end":{"line":1116,"column":4}}},"42":{"name":"removeLimits","line":1119,"loc":{"start":{"line":1119,"column":4},"end":{"line":1122,"column":4}}},"43":{"name":"disableTransferDelay","line":1125,"loc":{"start":{"line":1125,"column":4},"end":{"line":1128,"column":4}}},"44":{"name":"updateSwapTokensAtAmount","line":1133,"loc":{"start":{"line":1131,"column":4},"end":{"line":1146,"column":4}}},"45":{"name":"updateMaxTxnAmount","line":1148,"loc":{"start":{"line":1148,"column":4},"end":{"line":1154,"column":4}}},"46":{"name":"updateMaxWalletAmount","line":1156,"loc":{"start":{"line":1156,"column":4},"end":{"line":1162,"column":4}}},"47":{"name":"excludeFromMaxTransaction","line":1166,"loc":{"start":{"line":1164,"column":4},"end":{"line":1169,"column":4}}},"48":{"name":"updateSwapEnabled","line":1172,"loc":{"start":{"line":1172,"column":4},"end":{"line":1174,"column":4}}},"49":{"name":"updateBuyFees","line":1180,"loc":{"start":{"line":1176,"column":4},"end":{"line":1186,"column":4}}},"50":{"name":"updateSellFees","line":1192,"loc":{"start":{"line":1188,"column":4},"end":{"line":1198,"column":4}}},"51":{"name":"excludeFromFees","line":1200,"loc":{"start":{"line":1200,"column":4},"end":{"line":1203,"column":4}}},"52":{"name":"setAutomatedMarketMakerPair","line":1207,"loc":{"start":{"line":1205,"column":4},"end":{"line":1215,"column":4}}},"53":{"name":"_setAutomatedMarketMakerPair","line":1217,"loc":{"start":{"line":1217,"column":4},"end":{"line":1221,"column":4}}},"54":{"name":"updateMarketingWallet","line":1225,"loc":{"start":{"line":1223,"column":4},"end":{"line":1229,"column":4}}},"55":{"name":"updateDevWallet","line":1231,"loc":{"start":{"line":1231,"column":4},"end":{"line":1234,"column":4}}},"56":{"name":"isExcludedFromFees","line":1236,"loc":{"start":{"line":1236,"column":4},"end":{"line":1238,"column":4}}},"57":{"name":"_transfer","line":1242,"loc":{"start":{"line":1242,"column":4},"end":{"line":1379,"column":4}}},"58":{"name":"swapTokensForEth","line":1381,"loc":{"start":{"line":1381,"column":4},"end":{"line":1397,"column":4}}},"59":{"name":"addLiquidity","line":1399,"loc":{"start":{"line":1399,"column":4},"end":{"line":1412,"column":4}}},"60":{"name":"swapBack","line":1414,"loc":{"start":{"line":1414,"column":4},"end":{"line":1466,"column":4}}},"61":{"name":"setAutoLPBurnSettings","line":1472,"loc":{"start":{"line":1468,"column":4},"end":{"line":1484,"column":4}}},"62":{"name":"autoBurnLiquidityPairTokens","line":1487,"loc":{"start":{"line":1487,"column":4},"end":{"line":1508,"column":4}}},"63":{"name":"manualBurnLiquidityPairTokens","line":1512,"loc":{"start":{"line":1510,"column":4},"end":{"line":1538,"column":4}}}},"statementMap":{"1":{"start":{"line":16,"column":8},"end":{"line":16,"column":25}},"2":{"start":{"line":20,"column":8},"end":{"line":20,"column":23}},"3":{"start":{"line":45,"column":8},"end":{"line":45,"column":39}},"4":{"start":{"line":52,"column":8},"end":{"line":52,"column":21}},"5":{"start":{"line":59,"column":8},"end":{"line":59,"column":75}},"6":{"start":{"line":71,"column":8},"end":{"line":71,"column":37}},"7":{"start":{"line":79,"column":8},"end":{"line":79,"column":80}},"8":{"start":{"line":80,"column":8},"end":{"line":80,"column":35}},"9":{"start":{"line":88,"column":8},"end":{"line":88,"column":33}},"10":{"start":{"line":89,"column":8},"end":{"line":89,"column":24}},"11":{"start":{"line":90,"column":8},"end":{"line":90,"column":53}},"12":{"start":{"line":241,"column":8},"end":{"line":241,"column":20}},"13":{"start":{"line":242,"column":8},"end":{"line":242,"column":24}},"14":{"start":{"line":249,"column":8},"end":{"line":249,"column":20}},"15":{"start":{"line":257,"column":8},"end":{"line":257,"column":22}},"16":{"start":{"line":274,"column":8},"end":{"line":274,"column":17}},"17":{"start":{"line":281,"column":8},"end":{"line":281,"column":27}},"18":{"start":{"line":288,"column":8},"end":{"line":288,"column":33}},"19":{"start":{"line":300,"column":8},"end":{"line":300,"column":49}},"20":{"start":{"line":301,"column":8},"end":{"line":301,"column":19}},"21":{"start":{"line":308,"column":8},"end":{"line":308,"column":42}},"22":{"start":{"line":319,"column":8},"end":{"line":319,"column":46}},"23":{"start":{"line":320,"column":8},"end":{"line":320,"column":19}},"24":{"start":{"line":341,"column":8},"end":{"line":341,"column":43}},"25":{"start":{"line":343,"column":8},"end":{"line":343,"column":68}},"26":{"start":{"line":344,"column":8},"end":{"line":344,"column":86}},"27":{"start":{"line":349,"column":8},"end":{"line":349,"column":19}},"28":{"start":{"line":365,"column":8},"end":{"line":365,"column":87}},"29":{"start":{"line":366,"column":8},"end":{"line":366,"column":19}},"30":{"start":{"line":384,"column":8},"end":{"line":384,"column":69}},"31":{"start":{"line":385,"column":8},"end":{"line":385,"column":92}},"32":{"start":{"line":390,"column":8},"end":{"line":390,"column":19}},"33":{"start":{"line":412,"column":8},"end":{"line":412,"column":77}},"34":{"start":{"line":413,"column":8},"end":{"line":413,"column":78}},"35":{"start":{"line":415,"column":8},"end":{"line":415,"column":54}},"36":{"start":{"line":417,"column":8},"end":{"line":417,"column":49}},"37":{"start":{"line":418,"column":8},"end":{"line":418,"column":81}},"38":{"start":{"line":422,"column":8},"end":{"line":422,"column":37}},"39":{"start":{"line":424,"column":8},"end":{"line":424,"column":48}},"40":{"start":{"line":426,"column":8},"end":{"line":426,"column":53}},"41":{"start":{"line":439,"column":8},"end":{"line":439,"column":72}},"42":{"start":{"line":441,"column":8},"end":{"line":441,"column":56}},"43":{"start":{"line":443,"column":8},"end":{"line":443,"column":29}},"44":{"start":{"line":444,"column":8},"end":{"line":444,"column":35}},"45":{"start":{"line":445,"column":8},"end":{"line":445,"column":50}},"46":{"start":{"line":447,"column":8},"end":{"line":447,"column":55}},"47":{"start":{"line":462,"column":8},"end":{"line":462,"column":74}},"48":{"start":{"line":464,"column":8},"end":{"line":464,"column":56}},"49":{"start":{"line":466,"column":8},"end":{"line":466,"column":51}},"50":{"start":{"line":467,"column":8},"end":{"line":467,"column":78}},"51":{"start":{"line":471,"column":8},"end":{"line":471,"column":29}},"52":{"start":{"line":473,"column":8},"end":{"line":473,"column":50}},"53":{"start":{"line":475,"column":8},"end":{"line":475,"column":55}},"54":{"start":{"line":496,"column":8},"end":{"line":496,"column":75}},"55":{"start":{"line":497,"column":8},"end":{"line":497,"column":75}},"56":{"start":{"line":499,"column":8},"end":{"line":499,"column":43}},"57":{"start":{"line":500,"column":8},"end":{"line":500,"column":45}},"58":{"start":{"line":630,"column":8},"end":{"line":630,"column":20}},"59":{"start":{"line":644,"column":8},"end":{"line":644,"column":20}},"60":{"start":{"line":658,"column":8},"end":{"line":658,"column":20}},"61":{"start":{"line":672,"column":8},"end":{"line":672,"column":20}},"62":{"start":{"line":688,"column":8},"end":{"line":688,"column":20}},"63":{"start":{"line":1056,"column":8},"end":{"line":1056,"column":75}},"64":{"start":{"line":1058,"column":8},"end":{"line":1058,"column":65}},"65":{"start":{"line":1059,"column":8},"end":{"line":1059,"column":41}},"66":{"start":{"line":1061,"column":8},"end":{"line":1061,"column":32396}},"67":{"start":{"line":1063,"column":8},"end":{"line":1063,"column":62}},"68":{"start":{"line":1064,"column":8},"end":{"line":1064,"column":65}},"69":{"start":{"line":1066,"column":8},"end":{"line":1066,"column":36}},"70":{"start":{"line":1067,"column":8},"end":{"line":1067,"column":36}},"71":{"start":{"line":1068,"column":8},"end":{"line":1068,"column":30}},"72":{"start":{"line":1070,"column":8},"end":{"line":1070,"column":37}},"73":{"start":{"line":1071,"column":8},"end":{"line":1071,"column":37}},"74":{"start":{"line":1072,"column":8},"end":{"line":1072,"column":31}},"75":{"start":{"line":1074,"column":8},"end":{"line":1074,"column":48}},"76":{"start":{"line":1076,"column":8},"end":{"line":1076,"column":46}},"77":{"start":{"line":1077,"column":8},"end":{"line":1077,"column":36}},"78":{"start":{"line":1078,"column":8},"end":{"line":1078,"column":53}},"79":{"start":{"line":1080,"column":8},"end":{"line":1080,"column":41}},"80":{"start":{"line":1081,"column":8},"end":{"line":1081,"column":41}},"81":{"start":{"line":1082,"column":8},"end":{"line":1082,"column":29}},"82":{"start":{"line":1083,"column":8},"end":{"line":1083,"column":67}},"83":{"start":{"line":1085,"column":8},"end":{"line":1085,"column":43}},"84":{"start":{"line":1086,"column":8},"end":{"line":1086,"column":43}},"85":{"start":{"line":1087,"column":8},"end":{"line":1087,"column":31}},"86":{"start":{"line":1088,"column":8},"end":{"line":1088,"column":71}},"87":{"start":{"line":1090,"column":8},"end":{"line":1090,"column":32}},"88":{"start":{"line":1091,"column":8},"end":{"line":1091,"column":26}},"89":{"start":{"line":1094,"column":8},"end":{"line":1094,"column":37}},"90":{"start":{"line":1095,"column":8},"end":{"line":1095,"column":43}},"91":{"start":{"line":1096,"column":8},"end":{"line":1096,"column":45}},"92":{"start":{"line":1098,"column":8},"end":{"line":1098,"column":47}},"93":{"start":{"line":1099,"column":8},"end":{"line":1099,"column":53}},"94":{"start":{"line":1100,"column":8},"end":{"line":1100,"column":55}},"95":{"start":{"line":1106,"column":8},"end":{"line":1106,"column":37}},"96":{"start":{"line":1113,"column":8},"end":{"line":1113,"column":27}},"97":{"start":{"line":1114,"column":8},"end":{"line":1114,"column":25}},"98":{"start":{"line":1115,"column":8},"end":{"line":1115,"column":39}},"99":{"start":{"line":1120,"column":8},"end":{"line":1120,"column":29}},"100":{"start":{"line":1121,"column":8},"end":{"line":1121,"column":19}},"101":{"start":{"line":1126,"column":8},"end":{"line":1126,"column":35}},"102":{"start":{"line":1127,"column":8},"end":{"line":1127,"column":19}},"103":{"start":{"line":1136,"column":8},"end":{"line":1136,"column":34975}},"104":{"start":{"line":1140,"column":8},"end":{"line":1140,"column":35126}},"105":{"start":{"line":1144,"column":8},"end":{"line":1144,"column":37}},"106":{"start":{"line":1145,"column":8},"end":{"line":1145,"column":19}},"107":{"start":{"line":1149,"column":8},"end":{"line":1149,"column":35411}},"108":{"start":{"line":1153,"column":8},"end":{"line":1153,"column":47}},"109":{"start":{"line":1157,"column":8},"end":{"line":1157,"column":35689}},"110":{"start":{"line":1161,"column":8},"end":{"line":1161,"column":36}},"111":{"start":{"line":1168,"column":8},"end":{"line":1168,"column":53}},"112":{"start":{"line":1173,"column":8},"end":{"line":1173,"column":28}},"113":{"start":{"line":1181,"column":8},"end":{"line":1181,"column":38}},"114":{"start":{"line":1182,"column":8},"end":{"line":1182,"column":38}},"115":{"start":{"line":1183,"column":8},"end":{"line":1183,"column":26}},"116":{"start":{"line":1184,"column":8},"end":{"line":1184,"column":67}},"117":{"start":{"line":1185,"column":8},"end":{"line":1185,"column":67}},"118":{"start":{"line":1193,"column":8},"end":{"line":1193,"column":39}},"119":{"start":{"line":1194,"column":8},"end":{"line":1194,"column":39}},"120":{"start":{"line":1195,"column":8},"end":{"line":1195,"column":27}},"121":{"start":{"line":1196,"column":8},"end":{"line":1196,"column":71}},"122":{"start":{"line":1197,"column":8},"end":{"line":1197,"column":68}},"123":{"start":{"line":1201,"column":8},"end":{"line":1201,"column":46}},"124":{"start":{"line":1202,"column":8},"end":{"line":1202,"column":47}},"125":{"start":{"line":1209,"column":8},"end":{"line":1209,"column":37330}},"126":{"start":{"line":1214,"column":8},"end":{"line":1214,"column":48}},"127":{"start":{"line":1218,"column":8},"end":{"line":1218,"column":46}},"128":{"start":{"line":1220,"column":8},"end":{"line":1220,"column":53}},"129":{"start":{"line":1227,"column":8},"end":{"line":1227,"column":72}},"130":{"start":{"line":1228,"column":8},"end":{"line":1228,"column":43}},"131":{"start":{"line":1232,"column":8},"end":{"line":1232,"column":51}},"132":{"start":{"line":1233,"column":8},"end":{"line":1233,"column":28}},"133":{"start":{"line":1237,"column":8},"end":{"line":1237,"column":43}},"134":{"start":{"line":1247,"column":8},"end":{"line":1247,"column":75}},"135":{"start":{"line":1248,"column":8},"end":{"line":1248,"column":71}},"136":{"start":{"line":1250,"column":8},"end":{"line":1250,"column":38551}},"137":{"start":{"line":1251,"column":12},"end":{"line":1251,"column":39}},"138":{"start":{"line":1252,"column":12},"end":{"line":1252,"column":18}},"139":{"start":{"line":1255,"column":8},"end":{"line":1255,"column":38651}},"140":{"start":{"line":1256,"column":12},"end":{"line":1256,"column":38689}},"141":{"start":{"line":1262,"column":16},"end":{"line":1262,"column":38865}},"142":{"start":{"line":1263,"column":20},"end":{"line":1263,"column":38911}},"143":{"start":{"line":1270,"column":16},"end":{"line":1270,"column":39232}},"144":{"start":{"line":1271,"column":20},"end":{"line":1271,"column":39284}},"145":{"start":{"line":1276,"column":24},"end":{"line":1276,"column":39493}},"146":{"start":{"line":1281,"column":24},"end":{"line":1281,"column":77}},"147":{"start":{"line":1286,"column":16},"end":{"line":1286,"column":39905}},"148":{"start":{"line":1290,"column":20},"end":{"line":1290,"column":40066}},"149":{"start":{"line":1294,"column":20},"end":{"line":1294,"column":40254}},"150":{"start":{"line":1300,"column":21},"end":{"line":1300,"column":40456}},"151":{"start":{"line":1304,"column":20},"end":{"line":1304,"column":40617}},"152":{"start":{"line":1308,"column":23},"end":{"line":1308,"column":40805}},"153":{"start":{"line":1309,"column":20},"end":{"line":1309,"column":40873}},"154":{"start":{"line":1317,"column":8},"end":{"line":1317,"column":63}},"155":{"start":{"line":1319,"column":8},"end":{"line":1319,"column":65}},"156":{"start":{"line":1321,"column":8},"end":{"line":1321,"column":41185}},"157":{"start":{"line":1329,"column":12},"end":{"line":1329,"column":26}},"158":{"start":{"line":1331,"column":12},"end":{"line":1331,"column":21}},"159":{"start":{"line":1333,"column":12},"end":{"line":1333,"column":27}},"160":{"start":{"line":1336,"column":8},"end":{"line":1336,"column":41508}},"161":{"start":{"line":1343,"column":12},"end":{"line":1343,"column":40}},"162":{"start":{"line":1346,"column":8},"end":{"line":1346,"column":32}},"163":{"start":{"line":1349,"column":8},"end":{"line":1349,"column":41911}},"164":{"start":{"line":1350,"column":12},"end":{"line":1350,"column":26}},"165":{"start":{"line":1353,"column":8},"end":{"line":1353,"column":24}},"166":{"start":{"line":1355,"column":8},"end":{"line":1355,"column":42118}},"167":{"start":{"line":1357,"column":12},"end":{"line":1357,"column":42172}},"168":{"start":{"line":1358,"column":16},"end":{"line":1358,"column":56}},"169":{"start":{"line":1359,"column":16},"end":{"line":1359,"column":78}},"170":{"start":{"line":1360,"column":16},"end":{"line":1360,"column":66}},"171":{"start":{"line":1361,"column":16},"end":{"line":1361,"column":78}},"172":{"start":{"line":1364,"column":17},"end":{"line":1364,"column":42573}},"173":{"start":{"line":1365,"column":16},"end":{"line":1365,"column":55}},"174":{"start":{"line":1366,"column":16},"end":{"line":1366,"column":76}},"175":{"start":{"line":1367,"column":16},"end":{"line":1367,"column":64}},"176":{"start":{"line":1368,"column":16},"end":{"line":1368,"column":76}},"177":{"start":{"line":1371,"column":12},"end":{"line":1371,"column":42942}},"178":{"start":{"line":1372,"column":16},"end":{"line":1372,"column":57}},"179":{"start":{"line":1375,"column":12},"end":{"line":1375,"column":25}},"180":{"start":{"line":1378,"column":8},"end":{"line":1378,"column":40}},"181":{"start":{"line":1383,"column":8},"end":{"line":1383,"column":48}},"182":{"start":{"line":1384,"column":8},"end":{"line":1384,"column":30}},"183":{"start":{"line":1385,"column":8},"end":{"line":1385,"column":39}},"184":{"start":{"line":1387,"column":8},"end":{"line":1387,"column":69}},"185":{"start":{"line":1390,"column":8},"end":{"line":1390,"column":43470}},"186":{"start":{"line":1401,"column":8},"end":{"line":1401,"column":69}},"187":{"start":{"line":1404,"column":8},"end":{"line":1404,"column":43949}},"188":{"start":{"line":1415,"column":8},"end":{"line":1415,"column":58}},"189":{"start":{"line":1416,"column":8},"end":{"line":1416,"column":44325}},"190":{"start":{"line":1419,"column":8},"end":{"line":1419,"column":20}},"191":{"start":{"line":1421,"column":8},"end":{"line":1421,"column":44448}},"192":{"start":{"line":1422,"column":12},"end":{"line":1422,"column":18}},"193":{"start":{"line":1425,"column":8},"end":{"line":1425,"column":44541}},"194":{"start":{"line":1426,"column":12},"end":{"line":1426,"column":52}},"195":{"start":{"line":1430,"column":8},"end":{"line":1430,"column":44717}},"196":{"start":{"line":1433,"column":8},"end":{"line":1433,"column":73}},"197":{"start":{"line":1435,"column":8},"end":{"line":1435,"column":57}},"198":{"start":{"line":1437,"column":8},"end":{"line":1437,"column":43}},"199":{"start":{"line":1439,"column":8},"end":{"line":1439,"column":73}},"200":{"start":{"line":1441,"column":8},"end":{"line":1441,"column":45094}},"201":{"start":{"line":1444,"column":8},"end":{"line":1444,"column":79}},"202":{"start":{"line":1446,"column":8},"end":{"line":1446,"column":74}},"203":{"start":{"line":1448,"column":8},"end":{"line":1448,"column":29}},"204":{"start":{"line":1449,"column":8},"end":{"line":1449,"column":29}},"205":{"start":{"line":1450,"column":8},"end":{"line":1450,"column":23}},"206":{"start":{"line":1452,"column":8},"end":{"line":1452,"column":66}},"207":{"start":{"line":1454,"column":8},"end":{"line":1454,"column":45528}},"208":{"start":{"line":1455,"column":12},"end":{"line":1455,"column":57}},"209":{"start":{"line":1456,"column":12},"end":{"line":1456,"column":45655}},"210":{"start":{"line":1463,"column":8},"end":{"line":1463,"column":45813}},"211":{"start":{"line":1473,"column":8},"end":{"line":1473,"column":46073}},"212":{"start":{"line":1477,"column":8},"end":{"line":1477,"column":46207}},"213":{"start":{"line":1481,"column":8},"end":{"line":1481,"column":44}},"214":{"start":{"line":1482,"column":8},"end":{"line":1482,"column":34}},"215":{"start":{"line":1483,"column":8},"end":{"line":1483,"column":31}},"216":{"start":{"line":1488,"column":8},"end":{"line":1488,"column":39}},"217":{"start":{"line":1491,"column":8},"end":{"line":1491,"column":68}},"218":{"start":{"line":1494,"column":8},"end":{"line":1494,"column":46736}},"219":{"start":{"line":1499,"column":8},"end":{"line":1499,"column":46931}},"220":{"start":{"line":1500,"column":12},"end":{"line":1500,"column":72}},"221":{"start":{"line":1504,"column":8},"end":{"line":1504,"column":59}},"222":{"start":{"line":1505,"column":8},"end":{"line":1505,"column":18}},"223":{"start":{"line":1506,"column":8},"end":{"line":1506,"column":25}},"224":{"start":{"line":1507,"column":8},"end":{"line":1507,"column":19}},"225":{"start":{"line":1515,"column":8},"end":{"line":1515,"column":47372}},"226":{"start":{"line":1519,"column":8},"end":{"line":1519,"column":77}},"227":{"start":{"line":1520,"column":8},"end":{"line":1520,"column":45}},"228":{"start":{"line":1523,"column":8},"end":{"line":1523,"column":68}},"229":{"start":{"line":1526,"column":8},"end":{"line":1526,"column":75}},"230":{"start":{"line":1529,"column":8},"end":{"line":1529,"column":47963}},"231":{"start":{"line":1530,"column":12},"end":{"line":1530,"column":72}},"232":{"start":{"line":1534,"column":8},"end":{"line":1534,"column":59}},"233":{"start":{"line":1535,"column":8},"end":{"line":1535,"column":18}},"234":{"start":{"line":1536,"column":8},"end":{"line":1536,"column":27}},"235":{"start":{"line":1537,"column":8},"end":{"line":1537,"column":19}}},"branchMap":{"1":{"line":59,"type":"if","locations":[{"start":{"line":59,"column":8},"end":{"line":59,"column":8}},{"start":{"line":59,"column":8},"end":{"line":59,"column":8}}]},"2":{"line":79,"type":"if","locations":[{"start":{"line":79,"column":8},"end":{"line":79,"column":8}},{"start":{"line":79,"column":8},"end":{"line":79,"column":8}}]},"3":{"line":344,"type":"if","locations":[{"start":{"line":344,"column":8},"end":{"line":344,"column":8}},{"start":{"line":344,"column":8},"end":{"line":344,"column":8}}]},"4":{"line":385,"type":"if","locations":[{"start":{"line":385,"column":8},"end":{"line":385,"column":8}},{"start":{"line":385,"column":8},"end":{"line":385,"column":8}}]},"5":{"line":412,"type":"if","locations":[{"start":{"line":412,"column":8},"end":{"line":412,"column":8}},{"start":{"line":412,"column":8},"end":{"line":412,"column":8}}]},"6":{"line":413,"type":"if","locations":[{"start":{"line":413,"column":8},"end":{"line":413,"column":8}},{"start":{"line":413,"column":8},"end":{"line":413,"column":8}}]},"7":{"line":418,"type":"if","locations":[{"start":{"line":418,"column":8},"end":{"line":418,"column":8}},{"start":{"line":418,"column":8},"end":{"line":418,"column":8}}]},"8":{"line":439,"type":"if","locations":[{"start":{"line":439,"column":8},"end":{"line":439,"column":8}},{"start":{"line":439,"column":8},"end":{"line":439,"column":8}}]},"9":{"line":462,"type":"if","locations":[{"start":{"line":462,"column":8},"end":{"line":462,"column":8}},{"start":{"line":462,"column":8},"end":{"line":462,"column":8}}]},"10":{"line":467,"type":"if","locations":[{"start":{"line":467,"column":8},"end":{"line":467,"column":8}},{"start":{"line":467,"column":8},"end":{"line":467,"column":8}}]},"11":{"line":496,"type":"if","locations":[{"start":{"line":496,"column":8},"end":{"line":496,"column":8}},{"start":{"line":496,"column":8},"end":{"line":496,"column":8}}]},"12":{"line":497,"type":"if","locations":[{"start":{"line":497,"column":8},"end":{"line":497,"column":8}},{"start":{"line":497,"column":8},"end":{"line":497,"column":8}}]},"13":{"line":1136,"type":"if","locations":[{"start":{"line":1136,"column":8},"end":{"line":1136,"column":8}},{"start":{"line":1136,"column":8},"end":{"line":1136,"column":8}}]},"14":{"line":1140,"type":"if","locations":[{"start":{"line":1140,"column":8},"end":{"line":1140,"column":8}},{"start":{"line":1140,"column":8},"end":{"line":1140,"column":8}}]},"15":{"line":1149,"type":"if","locations":[{"start":{"line":1149,"column":8},"end":{"line":1149,"column":8}},{"start":{"line":1149,"column":8},"end":{"line":1149,"column":8}}]},"16":{"line":1157,"type":"if","locations":[{"start":{"line":1157,"column":8},"end":{"line":1157,"column":8}},{"start":{"line":1157,"column":8},"end":{"line":1157,"column":8}}]},"17":{"line":1185,"type":"if","locations":[{"start":{"line":1185,"column":8},"end":{"line":1185,"column":8}},{"start":{"line":1185,"column":8},"end":{"line":1185,"column":8}}]},"18":{"line":1197,"type":"if","locations":[{"start":{"line":1197,"column":8},"end":{"line":1197,"column":8}},{"start":{"line":1197,"column":8},"end":{"line":1197,"column":8}}]},"19":{"line":1209,"type":"if","locations":[{"start":{"line":1209,"column":8},"end":{"line":1209,"column":8}},{"start":{"line":1209,"column":8},"end":{"line":1209,"column":8}}]},"20":{"line":1247,"type":"if","locations":[{"start":{"line":1247,"column":8},"end":{"line":1247,"column":8}},{"start":{"line":1247,"column":8},"end":{"line":1247,"column":8}}]},"21":{"line":1248,"type":"if","locations":[{"start":{"line":1248,"column":8},"end":{"line":1248,"column":8}},{"start":{"line":1248,"column":8},"end":{"line":1248,"column":8}}]},"22":{"line":1250,"type":"if","locations":[{"start":{"line":1250,"column":8},"end":{"line":1250,"column":8}},{"start":{"line":1250,"column":8},"end":{"line":1250,"column":8}}]},"23":{"line":1255,"type":"if","locations":[{"start":{"line":1255,"column":8},"end":{"line":1255,"column":8}},{"start":{"line":1255,"column":8},"end":{"line":1255,"column":8}}]},"24":{"line":1256,"type":"if","locations":[{"start":{"line":1256,"column":12},"end":{"line":1256,"column":12}},{"start":{"line":1256,"column":12},"end":{"line":1256,"column":12}}]},"25":{"line":1262,"type":"if","locations":[{"start":{"line":1262,"column":16},"end":{"line":1262,"column":16}},{"start":{"line":1262,"column":16},"end":{"line":1262,"column":16}}]},"26":{"line":1263,"type":"if","locations":[{"start":{"line":1263,"column":20},"end":{"line":1263,"column":20}},{"start":{"line":1263,"column":20},"end":{"line":1263,"column":20}}]},"27":{"line":1270,"type":"if","locations":[{"start":{"line":1270,"column":16},"end":{"line":1270,"column":16}},{"start":{"line":1270,"column":16},"end":{"line":1270,"column":16}}]},"28":{"line":1271,"type":"if","locations":[{"start":{"line":1271,"column":20},"end":{"line":1271,"column":20}},{"start":{"line":1271,"column":20},"end":{"line":1271,"column":20}}]},"29":{"line":1276,"type":"if","locations":[{"start":{"line":1276,"column":24},"end":{"line":1276,"column":24}},{"start":{"line":1276,"column":24},"end":{"line":1276,"column":24}}]},"30":{"line":1286,"type":"if","locations":[{"start":{"line":1286,"column":16},"end":{"line":1286,"column":16}},{"start":{"line":1286,"column":16},"end":{"line":1286,"column":16}}]},"31":{"line":1290,"type":"if","locations":[{"start":{"line":1290,"column":20},"end":{"line":1290,"column":20}},{"start":{"line":1290,"column":20},"end":{"line":1290,"column":20}}]},"32":{"line":1294,"type":"if","locations":[{"start":{"line":1294,"column":20},"end":{"line":1294,"column":20}},{"start":{"line":1294,"column":20},"end":{"line":1294,"column":20}}]},"33":{"line":1300,"type":"if","locations":[{"start":{"line":1300,"column":21},"end":{"line":1300,"column":21}},{"start":{"line":1300,"column":21},"end":{"line":1300,"column":21}}]},"34":{"line":1304,"type":"if","locations":[{"start":{"line":1304,"column":20},"end":{"line":1304,"column":20}},{"start":{"line":1304,"column":20},"end":{"line":1304,"column":20}}]},"35":{"line":1308,"type":"if","locations":[{"start":{"line":1308,"column":23},"end":{"line":1308,"column":23}},{"start":{"line":1308,"column":23},"end":{"line":1308,"column":23}}]},"36":{"line":1309,"type":"if","locations":[{"start":{"line":1309,"column":20},"end":{"line":1309,"column":20}},{"start":{"line":1309,"column":20},"end":{"line":1309,"column":20}}]},"37":{"line":1321,"type":"if","locations":[{"start":{"line":1321,"column":8},"end":{"line":1321,"column":8}},{"start":{"line":1321,"column":8},"end":{"line":1321,"column":8}}]},"38":{"line":1336,"type":"if","locations":[{"start":{"line":1336,"column":8},"end":{"line":1336,"column":8}},{"start":{"line":1336,"column":8},"end":{"line":1336,"column":8}}]},"39":{"line":1349,"type":"if","locations":[{"start":{"line":1349,"column":8},"end":{"line":1349,"column":8}},{"start":{"line":1349,"column":8},"end":{"line":1349,"column":8}}]},"40":{"line":1355,"type":"if","locations":[{"start":{"line":1355,"column":8},"end":{"line":1355,"column":8}},{"start":{"line":1355,"column":8},"end":{"line":1355,"column":8}}]},"41":{"line":1357,"type":"if","locations":[{"start":{"line":1357,"column":12},"end":{"line":1357,"column":12}},{"start":{"line":1357,"column":12},"end":{"line":1357,"column":12}}]},"42":{"line":1364,"type":"if","locations":[{"start":{"line":1364,"column":17},"end":{"line":1364,"column":17}},{"start":{"line":1364,"column":17},"end":{"line":1364,"column":17}}]},"43":{"line":1371,"type":"if","locations":[{"start":{"line":1371,"column":12},"end":{"line":1371,"column":12}},{"start":{"line":1371,"column":12},"end":{"line":1371,"column":12}}]},"44":{"line":1421,"type":"if","locations":[{"start":{"line":1421,"column":8},"end":{"line":1421,"column":8}},{"start":{"line":1421,"column":8},"end":{"line":1421,"column":8}}]},"45":{"line":1425,"type":"if","locations":[{"start":{"line":1425,"column":8},"end":{"line":1425,"column":8}},{"start":{"line":1425,"column":8},"end":{"line":1425,"column":8}}]},"46":{"line":1454,"type":"if","locations":[{"start":{"line":1454,"column":8},"end":{"line":1454,"column":8}},{"start":{"line":1454,"column":8},"end":{"line":1454,"column":8}}]},"47":{"line":1473,"type":"if","locations":[{"start":{"line":1473,"column":8},"end":{"line":1473,"column":8}},{"start":{"line":1473,"column":8},"end":{"line":1473,"column":8}}]},"48":{"line":1477,"type":"if","locations":[{"start":{"line":1477,"column":8},"end":{"line":1477,"column":8}},{"start":{"line":1477,"column":8},"end":{"line":1477,"column":8}}]},"49":{"line":1499,"type":"if","locations":[{"start":{"line":1499,"column":8},"end":{"line":1499,"column":8}},{"start":{"line":1499,"column":8},"end":{"line":1499,"column":8}}]},"50":{"line":1515,"type":"if","locations":[{"start":{"line":1515,"column":8},"end":{"line":1515,"column":8}},{"start":{"line":1515,"column":8},"end":{"line":1515,"column":8}}]},"51":{"line":1519,"type":"if","locations":[{"start":{"line":1519,"column":8},"end":{"line":1519,"column":8}},{"start":{"line":1519,"column":8},"end":{"line":1519,"column":8}}]},"52":{"line":1529,"type":"if","locations":[{"start":{"line":1529,"column":8},"end":{"line":1529,"column":8}},{"start":{"line":1529,"column":8},"end":{"line":1529,"column":8}}]}}},"contracts\\Uniswap\\Core.sol":{"l":{"260":57,"261":57,"264":57,"278":0,"279":0,"280":0,"284":0,"285":0,"286":0,"294":0,"295":0,"303":0,"304":0,"305":0,"309":0,"310":0,"314":0,"315":0,"323":0,"324":0,"328":0,"329":0,"341":0,"342":0,"358":0,"359":0,"363":0,"389":0,"390":0,"391":0,"392":0,"404":0,"405":0,"406":0,"414":0,"417":0,"441":57,"446":57,"447":57,"448":57,"458":0,"462":0,"463":0,"464":0,"466":0,"469":0,"473":0,"474":0,"475":0,"476":0,"484":0,"485":0,"486":0,"487":0,"488":0,"489":0,"490":0,"491":0,"492":0,"493":0,"494":0,"495":0,"499":0,"505":0,"506":0,"507":0,"508":0,"509":0,"511":0,"512":0,"513":0,"514":0,"515":0,"517":0,"522":0,"523":0,"525":0,"526":0,"527":0,"536":0,"537":0,"538":0,"539":0,"540":0,"541":0,"543":0,"544":0,"545":0,"546":0,"547":0,"551":0,"552":0,"553":0,"554":0,"555":0,"557":0,"558":0,"559":0,"569":0,"573":0,"574":0,"579":0,"580":0,"581":0,"583":0,"584":0,"585":0,"586":0,"587":0,"588":0,"589":0,"595":0,"596":0,"598":0,"601":0,"604":0,"608":0,"610":0,"611":0,"612":0,"619":0,"620":0,"625":0,"626":0,"627":0,"632":0,"641":0,"661":57,"665":0,"669":57,"670":57,"671":57,"672":57,"673":57,"674":57,"675":57,"678":57,"679":57,"680":57,"681":57,"682":57,"686":0,"687":0,"691":0,"692":0,"700":0,"704":0,"708":0,"716":0,"721":0,"722":0,"723":0,"724":0,"725":0,"726":0,"729":0,"744":0,"749":0},"path":"C:\\Users\\Samue\\OneDrive\\studiocode\\delfyproject\\NFTs\\TBD-Token\\contracts\\Uniswap\\Core.sol","s":{"1":57,"2":57,"3":0,"4":0,"5":0,"6":0,"7":0,"8":0,"9":0,"10":0,"11":0,"12":0,"13":0,"14":0,"15":0,"16":0,"17":0,"18":0,"19":0,"20":0,"21":0,"22":0,"23":0,"24":0,"25":0,"26":0,"27":0,"28":0,"29":0,"30":0,"31":0,"32":0,"33":0,"34":0,"35":57,"36":57,"37":57,"38":57,"39":0,"40":0,"41":0,"42":0,"43":0,"44":0,"45":0,"46":0,"47":0,"48":0,"49":0,"50":0,"51":0,"52":0,"53":0,"54":0,"55":0,"56":0,"57":0,"58":0,"59":0,"60":0,"61":0,"62":0,"63":0,"64":0,"65":0,"66":0,"67":0,"68":0,"69":0,"70":0,"71":0,"72":0,"73":0,"74":0,"75":0,"76":0,"77":0,"78":0,"79":0,"80":0,"81":0,"82":0,"83":0,"84":0,"85":0,"86":0,"87":0,"88":0,"89":0,"90":0,"91":0,"92":0,"93":0,"94":0,"95":0,"96":0,"97":0,"98":0,"99":0,"100":0,"101":0,"102":0,"103":0,"104":0,"105":0,"106":0,"107":0,"108":0,"109":0,"110":0,"111":0,"112":0,"113":0,"114":0,"115":0,"116":0,"117":0,"118":0,"119":0,"120":0,"121":0,"122":0,"123":0,"124":0,"125":0,"126":0,"127":0,"128":0,"129":0,"130":57,"131":0,"132":57,"133":57,"134":57,"135":57,"136":57,"137":57,"138":57,"139":57,"140":57,"141":57,"142":57,"143":0,"144":0,"145":0,"146":0,"147":0,"148":0,"149":0,"150":0,"151":0,"152":0,"153":0,"154":0,"155":0,"156":0,"157":0,"158":0,"159":0,"160":0},"b":{"1":[0,0],"2":[0,0],"3":[0,0],"4":[0,0],"5":[0,0],"6":[57,0],"7":[0,0],"8":[0,0],"9":[0,0],"10":[0,0],"11":[0,0],"12":[0,0],"13":[0,0],"14":[0,0],"15":[0,0],"16":[0,0],"17":[0,0],"18":[0,0],"19":[0,0],"20":[0,0],"21":[0,0],"22":[0,0],"23":[0,0],"24":[0,0],"25":[0,0],"26":[0,0],"27":[57,0],"28":[57,0],"29":[57,0],"30":[0,0],"31":[0,0],"32":[0,0],"33":[0,0],"34":[0,0],"35":[0,0],"36":[0,0]},"f":{"1":57,"2":0,"3":0,"4":0,"5":0,"6":0,"7":0,"8":0,"9":0,"10":0,"11":0,"12":0,"13":57,"14":57,"15":0,"16":0,"17":0,"18":0,"19":0,"20":0,"21":0,"22":57,"23":0,"24":57,"25":0,"26":0,"27":0,"28":0,"29":0,"30":0,"31":0,"32":0,"33":0},"fnMap":{"1":{"name":"constructor","line":259,"loc":{"start":{"line":259,"column":4},"end":{"line":275,"column":4}}},"2":{"name":"_mint","line":277,"loc":{"start":{"line":277,"column":4},"end":{"line":281,"column":4}}},"3":{"name":"_burn","line":283,"loc":{"start":{"line":283,"column":4},"end":{"line":287,"column":4}}},"4":{"name":"_approve","line":289,"loc":{"start":{"line":289,"column":4},"end":{"line":296,"column":4}}},"5":{"name":"_transfer","line":298,"loc":{"start":{"line":298,"column":4},"end":{"line":306,"column":4}}},"6":{"name":"approve","line":308,"loc":{"start":{"line":308,"column":4},"end":{"line":311,"column":4}}},"7":{"name":"transfer","line":313,"loc":{"start":{"line":313,"column":4},"end":{"line":316,"column":4}}},"8":{"name":"transferFrom","line":318,"loc":{"start":{"line":318,"column":4},"end":{"line":330,"column":4}}},"9":{"name":"permit","line":332,"loc":{"start":{"line":332,"column":4},"end":{"line":364,"column":4}}},"10":{"name":"lock","line":388,"loc":{"start":{"line":388,"column":4},"end":{"line":393,"column":4}}},"11":{"name":"getReserves","line":395,"loc":{"start":{"line":395,"column":4},"end":{"line":407,"column":4}}},"12":{"name":"_safeTransfer","line":409,"loc":{"start":{"line":409,"column":4},"end":{"line":421,"column":4}}},"13":{"name":"constructor","line":440,"loc":{"start":{"line":440,"column":4},"end":{"line":442,"column":4}}},"14":{"name":"initialize","line":445,"loc":{"start":{"line":445,"column":4},"end":{"line":449,"column":4}}},"15":{"name":"_update","line":452,"loc":{"start":{"line":452,"column":4},"end":{"line":477,"column":4}}},"16":{"name":"_mintFee","line":480,"loc":{"start":{"line":480,"column":4},"end":{"line":501,"column":4}}},"17":{"name":"mint","line":504,"loc":{"start":{"line":504,"column":4},"end":{"line":528,"column":4}}},"18":{"name":"burn","line":533,"loc":{"start":{"line":531,"column":4},"end":{"line":560,"column":4}}},"19":{"name":"swap","line":568,"loc":{"start":{"line":563,"column":4},"end":{"line":621,"column":4}}},"20":{"name":"skim","line":624,"loc":{"start":{"line":624,"column":4},"end":{"line":637,"column":4}}},"21":{"name":"sync","line":640,"loc":{"start":{"line":640,"column":4},"end":{"line":647,"column":4}}},"22":{"name":"constructor","line":660,"loc":{"start":{"line":660,"column":4},"end":{"line":662,"column":4}}},"23":{"name":"allPairsLength","line":664,"loc":{"start":{"line":664,"column":4},"end":{"line":666,"column":4}}},"24":{"name":"createPair","line":668,"loc":{"start":{"line":668,"column":4},"end":{"line":683,"column":4}}},"25":{"name":"setFeeTo","line":685,"loc":{"start":{"line":685,"column":4},"end":{"line":688,"column":4}}},"26":{"name":"setFeeToSetter","line":690,"loc":{"start":{"line":690,"column":4},"end":{"line":693,"column":4}}},"27":{"name":"add","line":699,"loc":{"start":{"line":699,"column":4},"end":{"line":701,"column":4}}},"28":{"name":"sub","line":703,"loc":{"start":{"line":703,"column":4},"end":{"line":705,"column":4}}},"29":{"name":"mul","line":707,"loc":{"start":{"line":707,"column":4},"end":{"line":709,"column":4}}},"30":{"name":"min","line":715,"loc":{"start":{"line":715,"column":4},"end":{"line":717,"column":4}}},"31":{"name":"sqrt","line":720,"loc":{"start":{"line":720,"column":4},"end":{"line":731,"column":4}}},"32":{"name":"encode","line":743,"loc":{"start":{"line":743,"column":4},"end":{"line":745,"column":4}}},"33":{"name":"uqdiv","line":748,"loc":{"start":{"line":748,"column":4},"end":{"line":750,"column":4}}}},"statementMap":{"1":{"start":{"line":260,"column":8},"end":{"line":260,"column":23}},"2":{"start":{"line":264,"column":8},"end":{"line":264,"column":7258}},"3":{"start":{"line":278,"column":8},"end":{"line":278,"column":43}},"4":{"start":{"line":279,"column":8},"end":{"line":279,"column":47}},"5":{"start":{"line":280,"column":8},"end":{"line":280,"column":44}},"6":{"start":{"line":284,"column":8},"end":{"line":284,"column":51}},"7":{"start":{"line":285,"column":8},"end":{"line":285,"column":43}},"8":{"start":{"line":286,"column":8},"end":{"line":286,"column":46}},"9":{"start":{"line":294,"column":8},"end":{"line":294,"column":40}},"10":{"start":{"line":295,"column":8},"end":{"line":295,"column":44}},"11":{"start":{"line":303,"column":8},"end":{"line":303,"column":51}},"12":{"start":{"line":304,"column":8},"end":{"line":304,"column":47}},"13":{"start":{"line":305,"column":8},"end":{"line":305,"column":38}},"14":{"start":{"line":309,"column":8},"end":{"line":309,"column":43}},"15":{"start":{"line":310,"column":8},"end":{"line":310,"column":19}},"16":{"start":{"line":314,"column":8},"end":{"line":314,"column":39}},"17":{"start":{"line":315,"column":8},"end":{"line":315,"column":19}},"18":{"start":{"line":323,"column":8},"end":{"line":323,"column":8997}},"19":{"start":{"line":324,"column":12},"end":{"line":324,"column":9064}},"20":{"start":{"line":328,"column":8},"end":{"line":328,"column":33}},"21":{"start":{"line":329,"column":8},"end":{"line":329,"column":19}},"22":{"start":{"line":341,"column":8},"end":{"line":341,"column":65}},"23":{"start":{"line":342,"column":8},"end":{"line":342,"column":9518}},"24":{"start":{"line":358,"column":8},"end":{"line":358,"column":61}},"25":{"start":{"line":359,"column":8},"end":{"line":359,"column":10059}},"26":{"start":{"line":363,"column":8},"end":{"line":363,"column":38}},"27":{"start":{"line":389,"column":8},"end":{"line":389,"column":50}},"28":{"start":{"line":390,"column":8},"end":{"line":390,"column":19}},"29":{"start":{"line":392,"column":8},"end":{"line":392,"column":19}},"30":{"start":{"line":404,"column":8},"end":{"line":404,"column":27}},"31":{"start":{"line":405,"column":8},"end":{"line":405,"column":27}},"32":{"start":{"line":406,"column":8},"end":{"line":406,"column":47}},"33":{"start":{"line":414,"column":8},"end":{"line":414,"column":11719}},"34":{"start":{"line":417,"column":8},"end":{"line":417,"column":11844}},"35":{"start":{"line":441,"column":8},"end":{"line":441,"column":27}},"36":{"start":{"line":446,"column":8},"end":{"line":446,"column":61}},"37":{"start":{"line":447,"column":8},"end":{"line":447,"column":23}},"38":{"start":{"line":448,"column":8},"end":{"line":448,"column":23}},"39":{"start":{"line":458,"column":8},"end":{"line":458,"column":13034}},"40":{"start":{"line":462,"column":8},"end":{"line":462,"column":63}},"41":{"start":{"line":463,"column":8},"end":{"line":463,"column":64}},"42":{"start":{"line":464,"column":8},"end":{"line":464,"column":13320}},"43":{"start":{"line":466,"column":12},"end":{"line":466,"column":13471}},"44":{"start":{"line":469,"column":12},"end":{"line":469,"column":13611}},"45":{"start":{"line":473,"column":8},"end":{"line":473,"column":35}},"46":{"start":{"line":474,"column":8},"end":{"line":474,"column":35}},"47":{"start":{"line":475,"column":8},"end":{"line":475,"column":42}},"48":{"start":{"line":476,"column":8},"end":{"line":476,"column":37}},"49":{"start":{"line":484,"column":8},"end":{"line":484,"column":58}},"50":{"start":{"line":485,"column":8},"end":{"line":485,"column":34}},"51":{"start":{"line":486,"column":8},"end":{"line":486,"column":30}},"52":{"start":{"line":487,"column":8},"end":{"line":487,"column":14257}},"53":{"start":{"line":488,"column":12},"end":{"line":488,"column":14287}},"54":{"start":{"line":489,"column":16},"end":{"line":489,"column":76}},"55":{"start":{"line":490,"column":16},"end":{"line":490,"column":53}},"56":{"start":{"line":491,"column":16},"end":{"line":491,"column":14462}},"57":{"start":{"line":492,"column":20},"end":{"line":492,"column":77}},"58":{"start":{"line":493,"column":20},"end":{"line":493,"column":69}},"59":{"start":{"line":494,"column":20},"end":{"line":494,"column":63}},"60":{"start":{"line":495,"column":20},"end":{"line":495,"column":62}},"61":{"start":{"line":495,"column":39},"end":{"line":495,"column":61}},"62":{"start":{"line":498,"column":15},"end":{"line":498,"column":14812}},"63":{"start":{"line":499,"column":12},"end":{"line":499,"column":20}},"64":{"start":{"line":505,"column":8},"end":{"line":505,"column":64}},"65":{"start":{"line":506,"column":8},"end":{"line":506,"column":66}},"66":{"start":{"line":507,"column":8},"end":{"line":507,"column":66}},"67":{"start":{"line":508,"column":8},"end":{"line":508,"column":49}},"68":{"start":{"line":509,"column":8},"end":{"line":509,"column":49}},"69":{"start":{"line":511,"column":8},"end":{"line":511,"column":51}},"70":{"start":{"line":512,"column":8},"end":{"line":512,"column":42}},"71":{"start":{"line":513,"column":8},"end":{"line":513,"column":15566}},"72":{"start":{"line":514,"column":12},"end":{"line":514,"column":77}},"73":{"start":{"line":515,"column":12},"end":{"line":515,"column":47}},"74":{"start":{"line":517,"column":12},"end":{"line":517,"column":15813}},"75":{"start":{"line":522,"column":8},"end":{"line":522,"column":73}},"76":{"start":{"line":523,"column":8},"end":{"line":523,"column":27}},"77":{"start":{"line":525,"column":8},"end":{"line":525,"column":56}},"78":{"start":{"line":526,"column":8},"end":{"line":526,"column":58}},"79":{"start":{"line":526,"column":19},"end":{"line":526,"column":57}},"80":{"start":{"line":527,"column":8},"end":{"line":527,"column":47}},"81":{"start":{"line":536,"column":8},"end":{"line":536,"column":64}},"82":{"start":{"line":537,"column":8},"end":{"line":537,"column":32}},"83":{"start":{"line":538,"column":8},"end":{"line":538,"column":32}},"84":{"start":{"line":539,"column":8},"end":{"line":539,"column":67}},"85":{"start":{"line":540,"column":8},"end":{"line":540,"column":67}},"86":{"start":{"line":541,"column":8},"end":{"line":541,"column":52}},"87":{"start":{"line":543,"column":8},"end":{"line":543,"column":51}},"88":{"start":{"line":544,"column":8},"end":{"line":544,"column":42}},"89":{"start":{"line":545,"column":8},"end":{"line":545,"column":55}},"90":{"start":{"line":546,"column":8},"end":{"line":546,"column":55}},"91":{"start":{"line":547,"column":8},"end":{"line":547,"column":17304}},"92":{"start":{"line":551,"column":8},"end":{"line":551,"column":38}},"93":{"start":{"line":552,"column":8},"end":{"line":552,"column":42}},"94":{"start":{"line":553,"column":8},"end":{"line":553,"column":42}},"95":{"start":{"line":554,"column":8},"end":{"line":554,"column":58}},"96":{"start":{"line":555,"column":8},"end":{"line":555,"column":58}},"97":{"start":{"line":557,"column":8},"end":{"line":557,"column":56}},"98":{"start":{"line":558,"column":8},"end":{"line":558,"column":58}},"99":{"start":{"line":558,"column":19},"end":{"line":558,"column":57}},"100":{"start":{"line":559,"column":8},"end":{"line":559,"column":51}},"101":{"start":{"line":569,"column":8},"end":{"line":569,"column":18170}},"102":{"start":{"line":573,"column":8},"end":{"line":573,"column":64}},"103":{"start":{"line":574,"column":8},"end":{"line":574,"column":18382}},"104":{"start":{"line":579,"column":8},"end":{"line":579,"column":24}},"105":{"start":{"line":580,"column":8},"end":{"line":580,"column":24}},"106":{"start":{"line":583,"column":12},"end":{"line":583,"column":36}},"107":{"start":{"line":584,"column":12},"end":{"line":584,"column":36}},"108":{"start":{"line":585,"column":12},"end":{"line":585,"column":75}},"109":{"start":{"line":586,"column":12},"end":{"line":586,"column":70}},"110":{"start":{"line":586,"column":32},"end":{"line":586,"column":69}},"111":{"start":{"line":587,"column":12},"end":{"line":587,"column":70}},"112":{"start":{"line":587,"column":32},"end":{"line":587,"column":69}},"113":{"start":{"line":588,"column":12},"end":{"line":588,"column":19043}},"114":{"start":{"line":589,"column":16},"end":{"line":589,"column":19080}},"115":{"start":{"line":595,"column":12},"end":{"line":595,"column":62}},"116":{"start":{"line":596,"column":12},"end":{"line":596,"column":62}},"117":{"start":{"line":598,"column":8},"end":{"line":598,"column":19412}},"118":{"start":{"line":601,"column":8},"end":{"line":601,"column":19544}},"119":{"start":{"line":604,"column":8},"end":{"line":604,"column":19669}},"120":{"start":{"line":610,"column":12},"end":{"line":610,"column":79}},"121":{"start":{"line":611,"column":12},"end":{"line":611,"column":79}},"122":{"start":{"line":612,"column":12},"end":{"line":612,"column":20056}},"123":{"start":{"line":619,"column":8},"end":{"line":619,"column":56}},"124":{"start":{"line":620,"column":8},"end":{"line":620,"column":79}},"125":{"start":{"line":625,"column":8},"end":{"line":625,"column":32}},"126":{"start":{"line":626,"column":8},"end":{"line":626,"column":32}},"127":{"start":{"line":627,"column":8},"end":{"line":627,"column":20598}},"128":{"start":{"line":632,"column":8},"end":{"line":632,"column":20741}},"129":{"start":{"line":641,"column":8},"end":{"line":641,"column":20971}},"130":{"start":{"line":661,"column":8},"end":{"line":661,"column":33}},"131":{"start":{"line":665,"column":8},"end":{"line":665,"column":30}},"132":{"start":{"line":669,"column":8},"end":{"line":669,"column":66}},"133":{"start":{"line":670,"column":8},"end":{"line":670,"column":96}},"134":{"start":{"line":671,"column":8},"end":{"line":671,"column":63}},"135":{"start":{"line":672,"column":8},"end":{"line":672,"column":79}},"136":{"start":{"line":673,"column":8},"end":{"line":673,"column":64}},"137":{"start":{"line":674,"column":8},"end":{"line":674,"column":66}},"138":{"start":{"line":678,"column":8},"end":{"line":678,"column":54}},"139":{"start":{"line":679,"column":8},"end":{"line":679,"column":37}},"140":{"start":{"line":680,"column":8},"end":{"line":680,"column":37}},"141":{"start":{"line":681,"column":8},"end":{"line":681,"column":26}},"142":{"start":{"line":682,"column":8},"end":{"line":682,"column":63}},"143":{"start":{"line":686,"column":8},"end":{"line":686,"column":65}},"144":{"start":{"line":687,"column":8},"end":{"line":687,"column":21}},"145":{"start":{"line":691,"column":8},"end":{"line":691,"column":65}},"146":{"start":{"line":692,"column":8},"end":{"line":692,"column":33}},"147":{"start":{"line":700,"column":8},"end":{"line":700,"column":56}},"148":{"start":{"line":704,"column":8},"end":{"line":704,"column":57}},"149":{"start":{"line":708,"column":8},"end":{"line":708,"column":70}},"150":{"start":{"line":716,"column":8},"end":{"line":716,"column":24}},"151":{"start":{"line":721,"column":8},"end":{"line":721,"column":24032}},"152":{"start":{"line":722,"column":12},"end":{"line":722,"column":16}},"153":{"start":{"line":723,"column":12},"end":{"line":723,"column":33}},"154":{"start":{"line":724,"column":12},"end":{"line":724,"column":24118}},"155":{"start":{"line":725,"column":16},"end":{"line":725,"column":20}},"156":{"start":{"line":726,"column":16},"end":{"line":726,"column":34}},"157":{"start":{"line":728,"column":15},"end":{"line":728,"column":24223}},"158":{"start":{"line":729,"column":12},"end":{"line":729,"column":16}},"159":{"start":{"line":744,"column":8},"end":{"line":744,"column":28}},"160":{"start":{"line":749,"column":8},"end":{"line":749,"column":25}}},"branchMap":{"1":{"line":323,"type":"if","locations":[{"start":{"line":323,"column":8},"end":{"line":323,"column":8}},{"start":{"line":323,"column":8},"end":{"line":323,"column":8}}]},"2":{"line":341,"type":"if","locations":[{"start":{"line":341,"column":8},"end":{"line":341,"column":8}},{"start":{"line":341,"column":8},"end":{"line":341,"column":8}}]},"3":{"line":359,"type":"if","locations":[{"start":{"line":359,"column":8},"end":{"line":359,"column":8}},{"start":{"line":359,"column":8},"end":{"line":359,"column":8}}]},"4":{"line":389,"type":"if","locations":[{"start":{"line":389,"column":8},"end":{"line":389,"column":8}},{"start":{"line":389,"column":8},"end":{"line":389,"column":8}}]},"5":{"line":417,"type":"if","locations":[{"start":{"line":417,"column":8},"end":{"line":417,"column":8}},{"start":{"line":417,"column":8},"end":{"line":417,"column":8}}]},"6":{"line":446,"type":"if","locations":[{"start":{"line":446,"column":8},"end":{"line":446,"column":8}},{"start":{"line":446,"column":8},"end":{"line":446,"column":8}}]},"7":{"line":458,"type":"if","locations":[{"start":{"line":458,"column":8},"end":{"line":458,"column":8}},{"start":{"line":458,"column":8},"end":{"line":458,"column":8}}]},"8":{"line":464,"type":"if","locations":[{"start":{"line":464,"column":8},"end":{"line":464,"column":8}},{"start":{"line":464,"column":8},"end":{"line":464,"column":8}}]},"9":{"line":487,"type":"if","locations":[{"start":{"line":487,"column":8},"end":{"line":487,"column":8}},{"start":{"line":487,"column":8},"end":{"line":487,"column":8}}]},"10":{"line":488,"type":"if","locations":[{"start":{"line":488,"column":12},"end":{"line":488,"column":12}},{"start":{"line":488,"column":12},"end":{"line":488,"column":12}}]},"11":{"line":491,"type":"if","locations":[{"start":{"line":491,"column":16},"end":{"line":491,"column":16}},{"start":{"line":491,"column":16},"end":{"line":491,"column":16}}]},"12":{"line":495,"type":"if","locations":[{"start":{"line":495,"column":20},"end":{"line":495,"column":20}},{"start":{"line":495,"column":20},"end":{"line":495,"column":20}}]},"13":{"line":498,"type":"if","locations":[{"start":{"line":498,"column":15},"end":{"line":498,"column":15}},{"start":{"line":498,"column":15},"end":{"line":498,"column":15}}]},"14":{"line":513,"type":"if","locations":[{"start":{"line":513,"column":8},"end":{"line":513,"column":8}},{"start":{"line":513,"column":8},"end":{"line":513,"column":8}}]},"15":{"line":522,"type":"if","locations":[{"start":{"line":522,"column":8},"end":{"line":522,"column":8}},{"start":{"line":522,"column":8},"end":{"line":522,"column":8}}]},"16":{"line":526,"type":"if","locations":[{"start":{"line":526,"column":8},"end":{"line":526,"column":8}},{"start":{"line":526,"column":8},"end":{"line":526,"column":8}}]},"17":{"line":547,"type":"if","locations":[{"start":{"line":547,"column":8},"end":{"line":547,"column":8}},{"start":{"line":547,"column":8},"end":{"line":547,"column":8}}]},"18":{"line":558,"type":"if","locations":[{"start":{"line":558,"column":8},"end":{"line":558,"column":8}},{"start":{"line":558,"column":8},"end":{"line":558,"column":8}}]},"19":{"line":569,"type":"if","locations":[{"start":{"line":569,"column":8},"end":{"line":569,"column":8}},{"start":{"line":569,"column":8},"end":{"line":569,"column":8}}]},"20":{"line":574,"type":"if","locations":[{"start":{"line":574,"column":8},"end":{"line":574,"column":8}},{"start":{"line":574,"column":8},"end":{"line":574,"column":8}}]},"21":{"line":585,"type":"if","locations":[{"start":{"line":585,"column":12},"end":{"line":585,"column":12}},{"start":{"line":585,"column":12},"end":{"line":585,"column":12}}]},"22":{"line":586,"type":"if","locations":[{"start":{"line":586,"column":12},"end":{"line":586,"column":12}},{"start":{"line":586,"column":12},"end":{"line":586,"column":12}}]},"23":{"line":587,"type":"if","locations":[{"start":{"line":587,"column":12},"end":{"line":587,"column":12}},{"start":{"line":587,"column":12},"end":{"line":587,"column":12}}]},"24":{"line":588,"type":"if","locations":[{"start":{"line":588,"column":12},"end":{"line":588,"column":12}},{"start":{"line":588,"column":12},"end":{"line":588,"column":12}}]},"25":{"line":604,"type":"if","locations":[{"start":{"line":604,"column":8},"end":{"line":604,"column":8}},{"start":{"line":604,"column":8},"end":{"line":604,"column":8}}]},"26":{"line":612,"type":"if","locations":[{"start":{"line":612,"column":12},"end":{"line":612,"column":12}},{"start":{"line":612,"column":12},"end":{"line":612,"column":12}}]},"27":{"line":669,"type":"if","locations":[{"start":{"line":669,"column":8},"end":{"line":669,"column":8}},{"start":{"line":669,"column":8},"end":{"line":669,"column":8}}]},"28":{"line":671,"type":"if","locations":[{"start":{"line":671,"column":8},"end":{"line":671,"column":8}},{"start":{"line":671,"column":8},"end":{"line":671,"column":8}}]},"29":{"line":672,"type":"if","locations":[{"start":{"line":672,"column":8},"end":{"line":672,"column":8}},{"start":{"line":672,"column":8},"end":{"line":672,"column":8}}]},"30":{"line":686,"type":"if","locations":[{"start":{"line":686,"column":8},"end":{"line":686,"column":8}},{"start":{"line":686,"column":8},"end":{"line":686,"column":8}}]},"31":{"line":691,"type":"if","locations":[{"start":{"line":691,"column":8},"end":{"line":691,"column":8}},{"start":{"line":691,"column":8},"end":{"line":691,"column":8}}]},"32":{"line":700,"type":"if","locations":[{"start":{"line":700,"column":8},"end":{"line":700,"column":8}},{"start":{"line":700,"column":8},"end":{"line":700,"column":8}}]},"33":{"line":704,"type":"if","locations":[{"start":{"line":704,"column":8},"end":{"line":704,"column":8}},{"start":{"line":704,"column":8},"end":{"line":704,"column":8}}]},"34":{"line":708,"type":"if","locations":[{"start":{"line":708,"column":8},"end":{"line":708,"column":8}},{"start":{"line":708,"column":8},"end":{"line":708,"column":8}}]},"35":{"line":721,"type":"if","locations":[{"start":{"line":721,"column":8},"end":{"line":721,"column":8}},{"start":{"line":721,"column":8},"end":{"line":721,"column":8}}]},"36":{"line":728,"type":"if","locations":[{"start":{"line":728,"column":15},"end":{"line":728,"column":15}},{"start":{"line":728,"column":15},"end":{"line":728,"column":15}}]}}},"contracts\\Uniswap\\Router.sol":{"l":{"238":2,"239":2,"243":57,"244":57,"248":0,"261":2,"262":0,"264":2,"265":0,"266":0,"268":0,"269":0,"270":0,"271":0,"273":0,"274":0,"275":0,"276":0,"290":0,"291":0,"292":0,"293":0,"294":0,"304":2,"312":0,"313":0,"314":0,"315":0,"316":0,"318":0,"331":0,"332":0,"333":0,"334":0,"335":0,"336":0,"337":0,"347":0,"356":0,"357":0,"358":0,"370":0,"371":0,"372":0,"373":0,"384":0,"385":0,"386":0,"387":0,"399":0,"408":0,"409":0,"410":0,"421":0,"422":0,"423":0,"424":0,"432":0,"433":0,"434":0,"435":0,"436":0,"437":0,"438":0,"450":0,"451":0,"452":0,"455":0,"464":0,"465":0,"466":0,"469":0,"479":0,"480":0,"481":0,"482":0,"483":0,"484":0,"493":0,"494":0,"495":0,"496":0,"499":0,"500":0,"501":0,"510":0,"511":0,"512":0,"513":0,"516":0,"517":0,"518":0,"528":0,"529":0,"530":0,"531":0,"532":0,"533":0,"535":0,"541":0,"542":0,"543":0,"544":0,"545":0,"546":0,"547":0,"548":0,"549":0,"550":0,"551":0,"553":0,"554":0,"555":0,"565":0,"568":0,"569":0,"570":0,"587":0,"588":0,"589":0,"590":0,"591":0,"592":0,"593":0,"610":0,"611":0,"614":0,"615":0,"616":0,"617":0,"618":0,"623":0,"633":0,"643":0,"653":0,"663":0,"671":0,"675":0,"679":0,"688":4,"689":4,"690":4,"695":2,"696":2,"706":2,"707":2,"708":0,"713":0,"714":0,"715":0,"720":0,"721":0,"722":0,"723":0,"724":0,"725":0,"730":0,"731":0,"732":0,"733":0,"734":0,"739":0,"740":0,"741":0,"742":0,"743":0,"744":0,"750":0,"751":0,"752":0,"753":0,"754":0,"755":0,"764":0,"765":0,"770":0,"771":0,"776":0,"777":0,"781":0,"782":0},"path":"C:\\Users\\Samue\\OneDrive\\studiocode\\delfyproject\\NFTs\\TBD-Token\\contracts\\Uniswap\\Router.sol","s":{"1":2,"2":57,"3":57,"4":2,"5":0,"6":2,"7":0,"8":0,"9":0,"10":0,"11":0,"12":0,"13":0,"14":0,"15":0,"16":0,"17":0,"18":0,"19":0,"20":0,"21":0,"22":2,"23":0,"24":0,"25":0,"26":0,"27":0,"28":0,"29":0,"30":0,"31":0,"32":0,"33":0,"34":0,"35":0,"36":0,"37":0,"38":0,"39":0,"40":0,"41":0,"42":0,"43":0,"44":0,"45":0,"46":0,"47":0,"48":0,"49":0,"50":0,"51":0,"52":0,"53":0,"54":0,"55":0,"56":0,"57":0,"58":0,"59":0,"60":0,"61":0,"62":0,"63":0,"64":0,"65":0,"66":0,"67":0,"68":0,"69":0,"70":0,"71":0,"72":0,"73":0,"74":0,"75":0,"76":0,"77":0,"78":0,"79":0,"80":0,"81":0,"82":0,"83":0,"84":0,"85":0,"86":0,"87":0,"88":0,"89":0,"90":0,"91":0,"92":0,"93":0,"94":0,"95":0,"96":0,"97":0,"98":0,"99":0,"100":0,"101":0,"102":0,"103":0,"104":0,"105":0,"106":0,"107":0,"108":0,"109":0,"110":0,"111":0,"112":0,"113":0,"114":0,"115":0,"116":0,"117":0,"118":0,"119":0,"120":0,"121":0,"122":0,"123":0,"124":0,"125":0,"126":0,"127":0,"128":0,"129":0,"130":0,"131":0,"132":0,"133":0,"134":0,"135":0,"136":0,"137":0,"138":0,"139":4,"140":4,"141":4,"142":2,"143":2,"144":2,"145":2,"146":0,"147":0,"148":0,"149":0,"150":0,"151":0,"152":0,"153":0,"154":0,"155":0,"156":0,"157":0,"158":0,"159":0,"160":0,"161":0,"162":0,"163":0,"164":0,"165":0,"166":0,"167":0,"168":0,"169":0,"170":0,"171":0,"172":0,"173":0,"174":0,"175":0,"176":0,"177":0,"178":0,"179":0,"180":0},"b":{"1":[2,0],"2":[0,2],"3":[0,0],"4":[0,0],"5":[0,0],"6":[0,0],"7":[0,0],"8":[0,0],"9":[0,0],"10":[0,0],"11":[0,0],"12":[0,0],"13":[0,0],"14":[0,0],"15":[0,0],"16":[0,0],"17":[0,0],"18":[0,0],"19":[0,0],"20":[0,0],"21":[0,0],"22":[0,0],"23":[0,0],"24":[0,0],"25":[0,0],"26":[0,0],"27":[0,0],"28":[0,0],"29":[4,0],"30":[4,0],"31":[0,0],"32":[0,0],"33":[0,0],"34":[0,0],"35":[0,0],"36":[0,0],"37":[0,0],"38":[0,0],"39":[0,0],"40":[0,0],"41":[0,0],"42":[0,0]},"f":{"1":2,"2":57,"3":2,"4":0,"5":2,"6":0,"7":0,"8":0,"9":0,"10":0,"11":0,"12":0,"13":0,"14":0,"15":0,"16":0,"17":0,"18":0,"19":0,"20":0,"21":0,"22":0,"23":0,"24":0,"25":0,"26":0,"27":0,"28":0,"29":0,"30":0,"31":4,"32":2,"33":2,"34":0,"35":0,"36":0,"37":0,"38":0,"39":0,"40":0,"41":0,"42":0},"fnMap":{"1":{"name":"ensure","line":237,"loc":{"start":{"line":237,"column":4},"end":{"line":240,"column":4}}},"2":{"name":"constructor","line":242,"loc":{"start":{"line":242,"column":4},"end":{"line":245,"column":4}}},"3":{"name":"_addLiquidity","line":252,"loc":{"start":{"line":252,"column":4},"end":{"line":279,"column":4}}},"4":{"name":"addLiquidity","line":289,"loc":{"start":{"line":280,"column":4},"end":{"line":295,"column":4}}},"5":{"name":"addLiquidityETH","line":303,"loc":{"start":{"line":296,"column":4},"end":{"line":319,"column":4}}},"6":{"name":"removeLiquidity","line":330,"loc":{"start":{"line":322,"column":4},"end":{"line":338,"column":4}}},"7":{"name":"removeLiquidityETH","line":346,"loc":{"start":{"line":339,"column":4},"end":{"line":359,"column":4}}},"8":{"name":"removeLiquidityWithPermit","line":360,"loc":{"start":{"line":360,"column":4},"end":{"line":374,"column":4}}},"9":{"name":"removeLiquidityETHWithPermit","line":375,"loc":{"start":{"line":375,"column":4},"end":{"line":388,"column":4}}},"10":{"name":"removeLiquidityETHSupportingFeeOnTransferTokens","line":398,"loc":{"start":{"line":391,"column":4},"end":{"line":411,"column":4}}},"11":{"name":"removeLiquidityETHWithPermitSupportingFeeOnTransferTokens","line":412,"loc":{"start":{"line":412,"column":4},"end":{"line":427,"column":4}}},"12":{"name":"_swap","line":431,"loc":{"start":{"line":431,"column":4},"end":{"line":442,"column":4}}},"13":{"name":"swapExactTokensForTokens","line":449,"loc":{"start":{"line":443,"column":4},"end":{"line":456,"column":4}}},"14":{"name":"swapTokensForExactTokens","line":463,"loc":{"start":{"line":457,"column":4},"end":{"line":470,"column":4}}},"15":{"name":"swapExactETHForTokens","line":476,"loc":{"start":{"line":471,"column":4},"end":{"line":485,"column":4}}},"16":{"name":"swapTokensForExactETH","line":490,"loc":{"start":{"line":486,"column":4},"end":{"line":502,"column":4}}},"17":{"name":"swapExactTokensForETH","line":507,"loc":{"start":{"line":503,"column":4},"end":{"line":519,"column":4}}},"18":{"name":"swapETHForExactTokens","line":525,"loc":{"start":{"line":520,"column":4},"end":{"line":536,"column":4}}},"19":{"name":"_swapSupportingFeeOnTransferTokens","line":540,"loc":{"start":{"line":540,"column":4},"end":{"line":557,"column":4}}},"20":{"name":"swapExactTokensForTokensSupportingFeeOnTransferTokens","line":564,"loc":{"start":{"line":558,"column":4},"end":{"line":574,"column":4}}},"21":{"name":"swapExactETHForTokensSupportingFeeOnTransferTokens","line":585,"loc":{"start":{"line":575,"column":4},"end":{"line":597,"column":4}}},"22":{"name":"swapExactTokensForETHSupportingFeeOnTransferTokens","line":608,"loc":{"start":{"line":598,"column":4},"end":{"line":619,"column":4}}},"23":{"name":"quote","line":622,"loc":{"start":{"line":622,"column":4},"end":{"line":624,"column":4}}},"24":{"name":"getAmountOut","line":626,"loc":{"start":{"line":626,"column":4},"end":{"line":634,"column":4}}},"25":{"name":"getAmountIn","line":636,"loc":{"start":{"line":636,"column":4},"end":{"line":644,"column":4}}},"26":{"name":"getAmountsOut","line":646,"loc":{"start":{"line":646,"column":4},"end":{"line":654,"column":4}}},"27":{"name":"getAmountsIn","line":656,"loc":{"start":{"line":656,"column":4},"end":{"line":664,"column":4}}},"28":{"name":"add","line":670,"loc":{"start":{"line":670,"column":4},"end":{"line":672,"column":4}}},"29":{"name":"sub","line":674,"loc":{"start":{"line":674,"column":4},"end":{"line":676,"column":4}}},"30":{"name":"mul","line":678,"loc":{"start":{"line":678,"column":4},"end":{"line":680,"column":4}}},"31":{"name":"sortTokens","line":687,"loc":{"start":{"line":687,"column":4},"end":{"line":691,"column":4}}},"32":{"name":"pairFor","line":694,"loc":{"start":{"line":694,"column":4},"end":{"line":702,"column":4}}},"33":{"name":"getReserves","line":705,"loc":{"start":{"line":705,"column":4},"end":{"line":709,"column":4}}},"34":{"name":"quote","line":712,"loc":{"start":{"line":712,"column":4},"end":{"line":716,"column":4}}},"35":{"name":"getAmountOut","line":719,"loc":{"start":{"line":719,"column":4},"end":{"line":726,"column":4}}},"36":{"name":"getAmountIn","line":729,"loc":{"start":{"line":729,"column":4},"end":{"line":735,"column":4}}},"37":{"name":"getAmountsOut","line":738,"loc":{"start":{"line":738,"column":4},"end":{"line":746,"column":4}}},"38":{"name":"getAmountsIn","line":749,"loc":{"start":{"line":749,"column":4},"end":{"line":757,"column":4}}},"39":{"name":"safeApprove","line":762,"loc":{"start":{"line":762,"column":4},"end":{"line":766,"column":4}}},"40":{"name":"safeTransfer","line":768,"loc":{"start":{"line":768,"column":4},"end":{"line":772,"column":4}}},"41":{"name":"safeTransferFrom","line":774,"loc":{"start":{"line":774,"column":4},"end":{"line":778,"column":4}}},"42":{"name":"safeTransferETH","line":780,"loc":{"start":{"line":780,"column":4},"end":{"line":783,"column":4}}}},"statementMap":{"1":{"start":{"line":238,"column":8},"end":{"line":238,"column":71}},"2":{"start":{"line":243,"column":8},"end":{"line":243,"column":25}},"3":{"start":{"line":244,"column":8},"end":{"line":244,"column":19}},"4":{"start":{"line":261,"column":8},"end":{"line":261,"column":9974}},"5":{"start":{"line":262,"column":12},"end":{"line":262,"column":64}},"6":{"start":{"line":264,"column":8},"end":{"line":264,"column":94}},"7":{"start":{"line":265,"column":8},"end":{"line":265,"column":10231}},"8":{"start":{"line":266,"column":12},"end":{"line":266,"column":64}},"9":{"start":{"line":268,"column":12},"end":{"line":268,"column":92}},"10":{"start":{"line":269,"column":12},"end":{"line":269,"column":10467}},"11":{"start":{"line":270,"column":16},"end":{"line":270,"column":94}},"12":{"start":{"line":271,"column":16},"end":{"line":271,"column":68}},"13":{"start":{"line":273,"column":16},"end":{"line":273,"column":96}},"14":{"start":{"line":274,"column":16},"end":{"line":274,"column":55}},"15":{"start":{"line":275,"column":16},"end":{"line":275,"column":94}},"16":{"start":{"line":276,"column":16},"end":{"line":276,"column":68}},"17":{"start":{"line":290,"column":8},"end":{"line":290,"column":113}},"18":{"start":{"line":291,"column":8},"end":{"line":291,"column":72}},"19":{"start":{"line":292,"column":8},"end":{"line":292,"column":73}},"20":{"start":{"line":293,"column":8},"end":{"line":293,"column":73}},"21":{"start":{"line":294,"column":8},"end":{"line":294,"column":48}},"22":{"start":{"line":304,"column":8},"end":{"line":304,"column":12119}},"23":{"start":{"line":312,"column":8},"end":{"line":312,"column":69}},"24":{"start":{"line":313,"column":8},"end":{"line":313,"column":76}},"25":{"start":{"line":314,"column":8},"end":{"line":314,"column":46}},"26":{"start":{"line":315,"column":8},"end":{"line":315,"column":52}},"27":{"start":{"line":316,"column":8},"end":{"line":316,"column":48}},"28":{"start":{"line":318,"column":8},"end":{"line":318,"column":100}},"29":{"start":{"line":318,"column":35},"end":{"line":318,"column":99}},"30":{"start":{"line":331,"column":8},"end":{"line":331,"column":72}},"31":{"start":{"line":332,"column":8},"end":{"line":332,"column":69}},"32":{"start":{"line":333,"column":8},"end":{"line":333,"column":68}},"33":{"start":{"line":334,"column":8},"end":{"line":334,"column":71}},"34":{"start":{"line":335,"column":8},"end":{"line":335,"column":86}},"35":{"start":{"line":336,"column":8},"end":{"line":336,"column":79}},"36":{"start":{"line":337,"column":8},"end":{"line":337,"column":79}},"37":{"start":{"line":347,"column":8},"end":{"line":347,"column":13975}},"38":{"start":{"line":356,"column":8},"end":{"line":356,"column":58}},"39":{"start":{"line":357,"column":8},"end":{"line":357,"column":38}},"40":{"start":{"line":358,"column":8},"end":{"line":358,"column":52}},"41":{"start":{"line":370,"column":8},"end":{"line":370,"column":72}},"42":{"start":{"line":371,"column":8},"end":{"line":371,"column":54}},"43":{"start":{"line":372,"column":8},"end":{"line":372,"column":87}},"44":{"start":{"line":373,"column":8},"end":{"line":373,"column":108}},"45":{"start":{"line":384,"column":8},"end":{"line":384,"column":69}},"46":{"start":{"line":385,"column":8},"end":{"line":385,"column":54}},"47":{"start":{"line":386,"column":8},"end":{"line":386,"column":87}},"48":{"start":{"line":387,"column":8},"end":{"line":387,"column":114}},"49":{"start":{"line":399,"column":8},"end":{"line":399,"column":16096}},"50":{"start":{"line":408,"column":8},"end":{"line":408,"column":85}},"51":{"start":{"line":409,"column":8},"end":{"line":409,"column":38}},"52":{"start":{"line":410,"column":8},"end":{"line":410,"column":52}},"53":{"start":{"line":421,"column":8},"end":{"line":421,"column":69}},"54":{"start":{"line":422,"column":8},"end":{"line":422,"column":54}},"55":{"start":{"line":423,"column":8},"end":{"line":423,"column":87}},"56":{"start":{"line":424,"column":8},"end":{"line":424,"column":17074}},"57":{"start":{"line":432,"column":8},"end":{"line":432,"column":17440}},"58":{"start":{"line":433,"column":12},"end":{"line":433,"column":68}},"59":{"start":{"line":434,"column":12},"end":{"line":434,"column":74}},"60":{"start":{"line":435,"column":12},"end":{"line":435,"column":43}},"61":{"start":{"line":436,"column":12},"end":{"line":436,"column":110}},"62":{"start":{"line":437,"column":12},"end":{"line":437,"column":107}},"63":{"start":{"line":438,"column":12},"end":{"line":438,"column":17915}},"64":{"start":{"line":450,"column":8},"end":{"line":450,"column":72}},"65":{"start":{"line":451,"column":8},"end":{"line":451,"column":106}},"66":{"start":{"line":452,"column":8},"end":{"line":452,"column":18523}},"67":{"start":{"line":455,"column":8},"end":{"line":455,"column":31}},"68":{"start":{"line":464,"column":8},"end":{"line":464,"column":72}},"69":{"start":{"line":465,"column":8},"end":{"line":465,"column":84}},"70":{"start":{"line":466,"column":8},"end":{"line":466,"column":19135}},"71":{"start":{"line":469,"column":8},"end":{"line":469,"column":31}},"72":{"start":{"line":479,"column":8},"end":{"line":479,"column":64}},"73":{"start":{"line":480,"column":8},"end":{"line":480,"column":73}},"74":{"start":{"line":481,"column":8},"end":{"line":481,"column":106}},"75":{"start":{"line":482,"column":8},"end":{"line":482,"column":47}},"76":{"start":{"line":483,"column":8},"end":{"line":483,"column":100}},"77":{"start":{"line":484,"column":8},"end":{"line":484,"column":31}},"78":{"start":{"line":493,"column":8},"end":{"line":493,"column":78}},"79":{"start":{"line":494,"column":8},"end":{"line":494,"column":72}},"80":{"start":{"line":495,"column":8},"end":{"line":495,"column":84}},"81":{"start":{"line":496,"column":8},"end":{"line":496,"column":20527}},"82":{"start":{"line":499,"column":8},"end":{"line":499,"column":42}},"83":{"start":{"line":500,"column":8},"end":{"line":500,"column":56}},"84":{"start":{"line":501,"column":8},"end":{"line":501,"column":70}},"85":{"start":{"line":510,"column":8},"end":{"line":510,"column":78}},"86":{"start":{"line":511,"column":8},"end":{"line":511,"column":72}},"87":{"start":{"line":512,"column":8},"end":{"line":512,"column":106}},"88":{"start":{"line":513,"column":8},"end":{"line":513,"column":21383}},"89":{"start":{"line":516,"column":8},"end":{"line":516,"column":42}},"90":{"start":{"line":517,"column":8},"end":{"line":517,"column":56}},"91":{"start":{"line":518,"column":8},"end":{"line":518,"column":70}},"92":{"start":{"line":528,"column":8},"end":{"line":528,"column":64}},"93":{"start":{"line":529,"column":8},"end":{"line":529,"column":72}},"94":{"start":{"line":530,"column":8},"end":{"line":530,"column":82}},"95":{"start":{"line":531,"column":8},"end":{"line":531,"column":47}},"96":{"start":{"line":532,"column":8},"end":{"line":532,"column":100}},"97":{"start":{"line":533,"column":8},"end":{"line":533,"column":31}},"98":{"start":{"line":535,"column":8},"end":{"line":535,"column":102}},"99":{"start":{"line":535,"column":36},"end":{"line":535,"column":101}},"100":{"start":{"line":541,"column":8},"end":{"line":541,"column":22783}},"101":{"start":{"line":542,"column":12},"end":{"line":542,"column":68}},"102":{"start":{"line":543,"column":12},"end":{"line":543,"column":74}},"103":{"start":{"line":544,"column":12},"end":{"line":544,"column":98}},"104":{"start":{"line":545,"column":12},"end":{"line":545,"column":28}},"105":{"start":{"line":546,"column":12},"end":{"line":546,"column":29}},"106":{"start":{"line":548,"column":12},"end":{"line":548,"column":64}},"107":{"start":{"line":549,"column":12},"end":{"line":549,"column":115}},"108":{"start":{"line":550,"column":12},"end":{"line":550,"column":81}},"109":{"start":{"line":551,"column":12},"end":{"line":551,"column":97}},"110":{"start":{"line":553,"column":12},"end":{"line":553,"column":116}},"111":{"start":{"line":554,"column":12},"end":{"line":554,"column":107}},"112":{"start":{"line":555,"column":12},"end":{"line":555,"column":62}},"113":{"start":{"line":565,"column":8},"end":{"line":565,"column":24150}},"114":{"start":{"line":568,"column":8},"end":{"line":568,"column":72}},"115":{"start":{"line":569,"column":8},"end":{"line":569,"column":51}},"116":{"start":{"line":570,"column":8},"end":{"line":570,"column":24430}},"117":{"start":{"line":587,"column":8},"end":{"line":587,"column":64}},"118":{"start":{"line":588,"column":8},"end":{"line":588,"column":33}},"119":{"start":{"line":589,"column":8},"end":{"line":589,"column":45}},"120":{"start":{"line":590,"column":8},"end":{"line":590,"column":98}},"121":{"start":{"line":591,"column":8},"end":{"line":591,"column":72}},"122":{"start":{"line":592,"column":8},"end":{"line":592,"column":51}},"123":{"start":{"line":593,"column":8},"end":{"line":593,"column":25286}},"124":{"start":{"line":610,"column":8},"end":{"line":610,"column":78}},"125":{"start":{"line":611,"column":8},"end":{"line":611,"column":25846}},"126":{"start":{"line":614,"column":8},"end":{"line":614,"column":62}},"127":{"start":{"line":615,"column":8},"end":{"line":615,"column":62}},"128":{"start":{"line":616,"column":8},"end":{"line":616,"column":88}},"129":{"start":{"line":617,"column":8},"end":{"line":617,"column":38}},"130":{"start":{"line":618,"column":8},"end":{"line":618,"column":52}},"131":{"start":{"line":623,"column":8},"end":{"line":623,"column":66}},"132":{"start":{"line":633,"column":8},"end":{"line":633,"column":77}},"133":{"start":{"line":643,"column":8},"end":{"line":643,"column":77}},"134":{"start":{"line":653,"column":8},"end":{"line":653,"column":70}},"135":{"start":{"line":663,"column":8},"end":{"line":663,"column":70}},"136":{"start":{"line":671,"column":8},"end":{"line":671,"column":56}},"137":{"start":{"line":675,"column":8},"end":{"line":675,"column":57}},"138":{"start":{"line":679,"column":8},"end":{"line":679,"column":70}},"139":{"start":{"line":688,"column":8},"end":{"line":688,"column":73}},"140":{"start":{"line":689,"column":8},"end":{"line":689,"column":79}},"141":{"start":{"line":690,"column":8},"end":{"line":690,"column":70}},"142":{"start":{"line":695,"column":8},"end":{"line":695,"column":69}},"143":{"start":{"line":696,"column":8},"end":{"line":696,"column":28967}},"144":{"start":{"line":706,"column":8},"end":{"line":706,"column":54}},"145":{"start":{"line":707,"column":8},"end":{"line":707,"column":104}},"146":{"start":{"line":708,"column":8},"end":{"line":708,"column":92}},"147":{"start":{"line":713,"column":8},"end":{"line":713,"column":68}},"148":{"start":{"line":714,"column":8},"end":{"line":714,"column":88}},"149":{"start":{"line":715,"column":8},"end":{"line":715,"column":49}},"150":{"start":{"line":720,"column":8},"end":{"line":720,"column":75}},"151":{"start":{"line":721,"column":8},"end":{"line":721,"column":91}},"152":{"start":{"line":722,"column":8},"end":{"line":722,"column":48}},"153":{"start":{"line":723,"column":8},"end":{"line":723,"column":56}},"154":{"start":{"line":724,"column":8},"end":{"line":724,"column":67}},"155":{"start":{"line":725,"column":8},"end":{"line":725,"column":42}},"156":{"start":{"line":730,"column":8},"end":{"line":730,"column":77}},"157":{"start":{"line":731,"column":8},"end":{"line":731,"column":91}},"158":{"start":{"line":732,"column":8},"end":{"line":732,"column":59}},"159":{"start":{"line":733,"column":8},"end":{"line":733,"column":61}},"160":{"start":{"line":734,"column":8},"end":{"line":734,"column":50}},"161":{"start":{"line":739,"column":8},"end":{"line":739,"column":66}},"162":{"start":{"line":740,"column":8},"end":{"line":740,"column":40}},"163":{"start":{"line":741,"column":8},"end":{"line":741,"column":28}},"164":{"start":{"line":742,"column":8},"end":{"line":742,"column":31730}},"165":{"start":{"line":743,"column":12},"end":{"line":743,"column":90}},"166":{"start":{"line":744,"column":12},"end":{"line":744,"column":75}},"167":{"start":{"line":750,"column":8},"end":{"line":750,"column":66}},"168":{"start":{"line":751,"column":8},"end":{"line":751,"column":40}},"169":{"start":{"line":752,"column":8},"end":{"line":752,"column":46}},"170":{"start":{"line":753,"column":8},"end":{"line":753,"column":32340}},"171":{"start":{"line":754,"column":12},"end":{"line":754,"column":90}},"172":{"start":{"line":755,"column":12},"end":{"line":755,"column":74}},"173":{"start":{"line":764,"column":8},"end":{"line":764,"column":101}},"174":{"start":{"line":765,"column":8},"end":{"line":765,"column":107}},"175":{"start":{"line":770,"column":8},"end":{"line":770,"column":101}},"176":{"start":{"line":771,"column":8},"end":{"line":771,"column":108}},"177":{"start":{"line":776,"column":8},"end":{"line":776,"column":107}},"178":{"start":{"line":777,"column":8},"end":{"line":777,"column":113}},"179":{"start":{"line":781,"column":8},"end":{"line":781,"column":60}},"180":{"start":{"line":782,"column":8},"end":{"line":782,"column":62}}},"branchMap":{"1":{"line":238,"type":"if","locations":[{"start":{"line":238,"column":8},"end":{"line":238,"column":8}},{"start":{"line":238,"column":8},"end":{"line":238,"column":8}}]},"2":{"line":261,"type":"if","locations":[{"start":{"line":261,"column":8},"end":{"line":261,"column":8}},{"start":{"line":261,"column":8},"end":{"line":261,"column":8}}]},"3":{"line":265,"type":"if","locations":[{"start":{"line":265,"column":8},"end":{"line":265,"column":8}},{"start":{"line":265,"column":8},"end":{"line":265,"column":8}}]},"4":{"line":269,"type":"if","locations":[{"start":{"line":269,"column":12},"end":{"line":269,"column":12}},{"start":{"line":269,"column":12},"end":{"line":269,"column":12}}]},"5":{"line":270,"type":"if","locations":[{"start":{"line":270,"column":16},"end":{"line":270,"column":16}},{"start":{"line":270,"column":16},"end":{"line":270,"column":16}}]},"6":{"line":275,"type":"if","locations":[{"start":{"line":275,"column":16},"end":{"line":275,"column":16}},{"start":{"line":275,"column":16},"end":{"line":275,"column":16}}]},"7":{"line":318,"type":"if","locations":[{"start":{"line":318,"column":8},"end":{"line":318,"column":8}},{"start":{"line":318,"column":8},"end":{"line":318,"column":8}}]},"8":{"line":336,"type":"if","locations":[{"start":{"line":336,"column":8},"end":{"line":336,"column":8}},{"start":{"line":336,"column":8},"end":{"line":336,"column":8}}]},"9":{"line":337,"type":"if","locations":[{"start":{"line":337,"column":8},"end":{"line":337,"column":8}},{"start":{"line":337,"column":8},"end":{"line":337,"column":8}}]},"10":{"line":451,"type":"if","locations":[{"start":{"line":451,"column":8},"end":{"line":451,"column":8}},{"start":{"line":451,"column":8},"end":{"line":451,"column":8}}]},"11":{"line":465,"type":"if","locations":[{"start":{"line":465,"column":8},"end":{"line":465,"column":8}},{"start":{"line":465,"column":8},"end":{"line":465,"column":8}}]},"12":{"line":479,"type":"if","locations":[{"start":{"line":479,"column":8},"end":{"line":479,"column":8}},{"start":{"line":479,"column":8},"end":{"line":479,"column":8}}]},"13":{"line":481,"type":"if","locations":[{"start":{"line":481,"column":8},"end":{"line":481,"column":8}},{"start":{"line":481,"column":8},"end":{"line":481,"column":8}}]},"14":{"line":493,"type":"if","locations":[{"start":{"line":493,"column":8},"end":{"line":493,"column":8}},{"start":{"line":493,"column":8},"end":{"line":493,"column":8}}]},"15":{"line":495,"type":"if","locations":[{"start":{"line":495,"column":8},"end":{"line":495,"column":8}},{"start":{"line":495,"column":8},"end":{"line":495,"column":8}}]},"16":{"line":510,"type":"if","locations":[{"start":{"line":510,"column":8},"end":{"line":510,"column":8}},{"start":{"line":510,"column":8},"end":{"line":510,"column":8}}]},"17":{"line":512,"type":"if","locations":[{"start":{"line":512,"column":8},"end":{"line":512,"column":8}},{"start":{"line":512,"column":8},"end":{"line":512,"column":8}}]},"18":{"line":528,"type":"if","locations":[{"start":{"line":528,"column":8},"end":{"line":528,"column":8}},{"start":{"line":528,"column":8},"end":{"line":528,"column":8}}]},"19":{"line":530,"type":"if","locations":[{"start":{"line":530,"column":8},"end":{"line":530,"column":8}},{"start":{"line":530,"column":8},"end":{"line":530,"column":8}}]},"20":{"line":535,"type":"if","locations":[{"start":{"line":535,"column":8},"end":{"line":535,"column":8}},{"start":{"line":535,"column":8},"end":{"line":535,"column":8}}]},"21":{"line":570,"type":"if","locations":[{"start":{"line":570,"column":8},"end":{"line":570,"column":8}},{"start":{"line":570,"column":8},"end":{"line":570,"column":8}}]},"22":{"line":587,"type":"if","locations":[{"start":{"line":587,"column":8},"end":{"line":587,"column":8}},{"start":{"line":587,"column":8},"end":{"line":587,"column":8}}]},"23":{"line":593,"type":"if","locations":[{"start":{"line":593,"column":8},"end":{"line":593,"column":8}},{"start":{"line":593,"column":8},"end":{"line":593,"column":8}}]},"24":{"line":610,"type":"if","locations":[{"start":{"line":610,"column":8},"end":{"line":610,"column":8}},{"start":{"line":610,"column":8},"end":{"line":610,"column":8}}]},"25":{"line":616,"type":"if","locations":[{"start":{"line":616,"column":8},"end":{"line":616,"column":8}},{"start":{"line":616,"column":8},"end":{"line":616,"column":8}}]},"26":{"line":671,"type":"if","locations":[{"start":{"line":671,"column":8},"end":{"line":671,"column":8}},{"start":{"line":671,"column":8},"end":{"line":671,"column":8}}]},"27":{"line":675,"type":"if","locations":[{"start":{"line":675,"column":8},"end":{"line":675,"column":8}},{"start":{"line":675,"column":8},"end":{"line":675,"column":8}}]},"28":{"line":679,"type":"if","locations":[{"start":{"line":679,"column":8},"end":{"line":679,"column":8}},{"start":{"line":679,"column":8},"end":{"line":679,"column":8}}]},"29":{"line":688,"type":"if","locations":[{"start":{"line":688,"column":8},"end":{"line":688,"column":8}},{"start":{"line":688,"column":8},"end":{"line":688,"column":8}}]},"30":{"line":690,"type":"if","locations":[{"start":{"line":690,"column":8},"end":{"line":690,"column":8}},{"start":{"line":690,"column":8},"end":{"line":690,"column":8}}]},"31":{"line":713,"type":"if","locations":[{"start":{"line":713,"column":8},"end":{"line":713,"column":8}},{"start":{"line":713,"column":8},"end":{"line":713,"column":8}}]},"32":{"line":714,"type":"if","locations":[{"start":{"line":714,"column":8},"end":{"line":714,"column":8}},{"start":{"line":714,"column":8},"end":{"line":714,"column":8}}]},"33":{"line":720,"type":"if","locations":[{"start":{"line":720,"column":8},"end":{"line":720,"column":8}},{"start":{"line":720,"column":8},"end":{"line":720,"column":8}}]},"34":{"line":721,"type":"if","locations":[{"start":{"line":721,"column":8},"end":{"line":721,"column":8}},{"start":{"line":721,"column":8},"end":{"line":721,"column":8}}]},"35":{"line":730,"type":"if","locations":[{"start":{"line":730,"column":8},"end":{"line":730,"column":8}},{"start":{"line":730,"column":8},"end":{"line":730,"column":8}}]},"36":{"line":731,"type":"if","locations":[{"start":{"line":731,"column":8},"end":{"line":731,"column":8}},{"start":{"line":731,"column":8},"end":{"line":731,"column":8}}]},"37":{"line":739,"type":"if","locations":[{"start":{"line":739,"column":8},"end":{"line":739,"column":8}},{"start":{"line":739,"column":8},"end":{"line":739,"column":8}}]},"38":{"line":750,"type":"if","locations":[{"start":{"line":750,"column":8},"end":{"line":750,"column":8}},{"start":{"line":750,"column":8},"end":{"line":750,"column":8}}]},"39":{"line":765,"type":"if","locations":[{"start":{"line":765,"column":8},"end":{"line":765,"column":8}},{"start":{"line":765,"column":8},"end":{"line":765,"column":8}}]},"40":{"line":771,"type":"if","locations":[{"start":{"line":771,"column":8},"end":{"line":771,"column":8}},{"start":{"line":771,"column":8},"end":{"line":771,"column":8}}]},"41":{"line":777,"type":"if","locations":[{"start":{"line":777,"column":8},"end":{"line":777,"column":8}},{"start":{"line":777,"column":8},"end":{"line":777,"column":8}}]},"42":{"line":782,"type":"if","locations":[{"start":{"line":782,"column":8},"end":{"line":782,"column":8}},{"start":{"line":782,"column":8},"end":{"line":782,"column":8}}]}}},"contracts\\Uniswap\\WETH.sol":{"l":{"22":0,"26":0,"27":0,"31":0,"32":0,"33":0,"34":0,"38":0,"42":0,"43":0,"44":0,"48":0,"56":0,"58":0,"59":0,"60":0,"63":0,"64":0,"66":0,"68":0},"path":"C:\\Users\\Samue\\OneDrive\\studiocode\\delfyproject\\NFTs\\TBD-Token\\contracts\\Uniswap\\WETH.sol","s":{"1":0,"2":0,"3":0,"4":0,"5":0,"6":0,"7":0,"8":0,"9":0,"10":0,"11":0,"12":0,"13":0,"14":0,"15":0,"16":0,"17":0,"18":0,"19":0,"20":0},"b":{"1":[0,0],"2":[0,0],"3":[0,0],"4":[0,0]},"f":{"1":57,"2":0,"3":0,"4":0,"5":0,"6":0,"7":0,"8":0},"fnMap":{"1":{"name":"constructor","line":17,"loc":{"start":{"line":17,"column":4},"end":{"line":17,"column":26}}},"2":{"name":null,"line":21,"loc":{"start":{"line":21,"column":4},"end":{"line":23,"column":4}}},"3":{"name":"deposit","line":25,"loc":{"start":{"line":25,"column":4},"end":{"line":28,"column":4}}},"4":{"name":"withdraw","line":30,"loc":{"start":{"line":30,"column":4},"end":{"line":35,"column":4}}},"5":{"name":"totalSupply","line":37,"loc":{"start":{"line":37,"column":4},"end":{"line":39,"column":4}}},"6":{"name":"approve","line":41,"loc":{"start":{"line":41,"column":4},"end":{"line":45,"column":4}}},"7":{"name":"transfer","line":47,"loc":{"start":{"line":47,"column":4},"end":{"line":49,"column":4}}},"8":{"name":"transferFrom","line":51,"loc":{"start":{"line":51,"column":4},"end":{"line":69,"column":4}}}},"statementMap":{"1":{"start":{"line":22,"column":8},"end":{"line":22,"column":16}},"2":{"start":{"line":26,"column":8},"end":{"line":26,"column":41}},"3":{"start":{"line":27,"column":8},"end":{"line":27,"column":43}},"4":{"start":{"line":31,"column":8},"end":{"line":31,"column":44}},"5":{"start":{"line":32,"column":8},"end":{"line":32,"column":35}},"6":{"start":{"line":33,"column":8},"end":{"line":33,"column":31}},"7":{"start":{"line":34,"column":8},"end":{"line":34,"column":40}},"8":{"start":{"line":38,"column":8},"end":{"line":38,"column":36}},"9":{"start":{"line":42,"column":8},"end":{"line":42,"column":39}},"10":{"start":{"line":43,"column":8},"end":{"line":43,"column":37}},"11":{"start":{"line":44,"column":8},"end":{"line":44,"column":19}},"12":{"start":{"line":48,"column":8},"end":{"line":48,"column":49}},"13":{"start":{"line":56,"column":8},"end":{"line":56,"column":37}},"14":{"start":{"line":58,"column":8},"end":{"line":58,"column":1687}},"15":{"start":{"line":59,"column":12},"end":{"line":59,"column":53}},"16":{"start":{"line":60,"column":12},"end":{"line":60,"column":44}},"17":{"start":{"line":63,"column":8},"end":{"line":63,"column":28}},"18":{"start":{"line":64,"column":8},"end":{"line":64,"column":28}},"19":{"start":{"line":66,"column":8},"end":{"line":66,"column":36}},"20":{"start":{"line":68,"column":8},"end":{"line":68,"column":19}}},"branchMap":{"1":{"line":31,"type":"if","locations":[{"start":{"line":31,"column":8},"end":{"line":31,"column":8}},{"start":{"line":31,"column":8},"end":{"line":31,"column":8}}]},"2":{"line":56,"type":"if","locations":[{"start":{"line":56,"column":8},"end":{"line":56,"column":8}},{"start":{"line":56,"column":8},"end":{"line":56,"column":8}}]},"3":{"line":58,"type":"if","locations":[{"start":{"line":58,"column":8},"end":{"line":58,"column":8}},{"start":{"line":58,"column":8},"end":{"line":58,"column":8}}]},"4":{"line":59,"type":"if","locations":[{"start":{"line":59,"column":12},"end":{"line":59,"column":12}},{"start":{"line":59,"column":12},"end":{"line":59,"column":12}}]}}}}